{"/home/user/Liquid-Left-Local/store.ts": {"path":"/home/user/Liquid-Left-Local/store.ts","statementMap":{"0":{"start":{"line":115,"column":28},"end":{"line":125,"column":null}},"1":{"start":{"line":116,"column":30},"end":{"line":116,"column":null}},"2":{"start":{"line":117,"column":4},"end":{"line":122,"column":null}},"3":{"start":{"line":117,"column":17},"end":{"line":117,"column":20}},"4":{"start":{"line":118,"column":18},"end":{"line":118,"column":null}},"5":{"start":{"line":119,"column":22},"end":{"line":119,"column":null}},"6":{"start":{"line":120,"column":8},"end":{"line":120,"column":null}},"7":{"start":{"line":121,"column":8},"end":{"line":121,"column":null}},"8":{"start":{"line":123,"column":4},"end":{"line":123,"column":null}},"9":{"start":{"line":124,"column":4},"end":{"line":124,"column":null}},"10":{"start":{"line":127,"column":26},"end":{"line":134,"column":null}},"11":{"start":{"line":128,"column":30},"end":{"line":128,"column":null}},"12":{"start":{"line":129,"column":30},"end":{"line":129,"column":null}},"13":{"start":{"line":130,"column":22},"end":{"line":130,"column":null}},"14":{"start":{"line":131,"column":4},"end":{"line":131,"column":null}},"15":{"start":{"line":131,"column":34},"end":{"line":131,"column":114}},"16":{"start":{"line":132,"column":4},"end":{"line":132,"column":null}},"17":{"start":{"line":132,"column":17},"end":{"line":132,"column":20}},"18":{"start":{"line":132,"column":32},"end":{"line":132,"column":null}},"19":{"start":{"line":133,"column":4},"end":{"line":133,"column":null}},"20":{"start":{"line":136,"column":24},"end":{"line":150,"column":null}},"21":{"start":{"line":137,"column":30},"end":{"line":137,"column":null}},"22":{"start":{"line":139,"column":4},"end":{"line":148,"column":null}},"23":{"start":{"line":139,"column":17},"end":{"line":139,"column":20}},"24":{"start":{"line":140,"column":8},"end":{"line":147,"column":null}},"25":{"start":{"line":149,"column":4},"end":{"line":149,"column":null}},"26":{"start":{"line":152,"column":27},"end":{"line":165,"column":null}},"27":{"start":{"line":153,"column":30},"end":{"line":153,"column":null}},"28":{"start":{"line":155,"column":4},"end":{"line":163,"column":null}},"29":{"start":{"line":155,"column":17},"end":{"line":155,"column":20}},"30":{"start":{"line":156,"column":8},"end":{"line":162,"column":null}},"31":{"start":{"line":164,"column":4},"end":{"line":164,"column":null}},"32":{"start":{"line":167,"column":24},"end":{"line":174,"column":null}},"33":{"start":{"line":168,"column":30},"end":{"line":168,"column":null}},"34":{"start":{"line":170,"column":4},"end":{"line":170,"column":null}},"35":{"start":{"line":172,"column":4},"end":{"line":172,"column":null}},"36":{"start":{"line":173,"column":4},"end":{"line":173,"column":null}},"37":{"start":{"line":176,"column":26},"end":{"line":188,"column":null}},"38":{"start":{"line":177,"column":30},"end":{"line":177,"column":null}},"39":{"start":{"line":178,"column":18},"end":{"line":178,"column":null}},"40":{"start":{"line":179,"column":19},"end":{"line":179,"column":null}},"41":{"start":{"line":182,"column":4},"end":{"line":182,"column":null}},"42":{"start":{"line":183,"column":4},"end":{"line":183,"column":null}},"43":{"start":{"line":184,"column":4},"end":{"line":184,"column":null}},"44":{"start":{"line":185,"column":4},"end":{"line":185,"column":null}},"45":{"start":{"line":187,"column":4},"end":{"line":187,"column":null}},"46":{"start":{"line":190,"column":30},"end":{"line":272,"column":null}},"47":{"start":{"line":191,"column":30},"end":{"line":191,"column":null}},"48":{"start":{"line":192,"column":30},"end":{"line":192,"column":null}},"49":{"start":{"line":196,"column":18},"end":{"line":196,"column":null}},"50":{"start":{"line":198,"column":4},"end":{"line":254,"column":null}},"51":{"start":{"line":198,"column":17},"end":{"line":198,"column":20}},"52":{"start":{"line":199,"column":44},"end":{"line":199,"column":null}},"53":{"start":{"line":200,"column":20},"end":{"line":200,"column":null}},"54":{"start":{"line":201,"column":23},"end":{"line":201,"column":null}},"55":{"start":{"line":204,"column":8},"end":{"line":233,"column":null}},"56":{"start":{"line":205,"column":22},"end":{"line":205,"column":null}},"57":{"start":{"line":209,"column":27},"end":{"line":209,"column":null}},"58":{"start":{"line":210,"column":27},"end":{"line":210,"column":null}},"59":{"start":{"line":213,"column":18},"end":{"line":213,"column":null}},"60":{"start":{"line":214,"column":28},"end":{"line":214,"column":null}},"61":{"start":{"line":215,"column":18},"end":{"line":215,"column":null}},"62":{"start":{"line":217,"column":12},"end":{"line":221,"column":null}},"63":{"start":{"line":224,"column":12},"end":{"line":224,"column":null}},"64":{"start":{"line":225,"column":12},"end":{"line":231,"column":null}},"65":{"start":{"line":226,"column":29},"end":{"line":226,"column":null}},"66":{"start":{"line":227,"column":16},"end":{"line":230,"column":null}},"67":{"start":{"line":228,"column":20},"end":{"line":228,"column":null}},"68":{"start":{"line":229,"column":20},"end":{"line":229,"column":null}},"69":{"start":{"line":232,"column":12},"end":{"line":232,"column":null}},"70":{"start":{"line":236,"column":8},"end":{"line":236,"column":null}},"71":{"start":{"line":240,"column":8},"end":{"line":253,"column":null}},"72":{"start":{"line":241,"column":29},"end":{"line":241,"column":null}},"73":{"start":{"line":242,"column":27},"end":{"line":242,"column":null}},"74":{"start":{"line":243,"column":12},"end":{"line":252,"column":null}},"75":{"start":{"line":257,"column":4},"end":{"line":269,"column":null}},"76":{"start":{"line":257,"column":17},"end":{"line":257,"column":20}},"77":{"start":{"line":258,"column":25},"end":{"line":258,"column":null}},"78":{"start":{"line":259,"column":28},"end":{"line":259,"column":null}},"79":{"start":{"line":260,"column":8},"end":{"line":268,"column":null}},"80":{"start":{"line":271,"column":4},"end":{"line":271,"column":null}},"81":{"start":{"line":274,"column":24},"end":{"line":278,"column":null}},"82":{"start":{"line":275,"column":30},"end":{"line":275,"column":null}},"83":{"start":{"line":276,"column":4},"end":{"line":276,"column":null}},"84":{"start":{"line":277,"column":4},"end":{"line":277,"column":null}},"85":{"start":{"line":280,"column":23},"end":{"line":287,"column":null}},"86":{"start":{"line":281,"column":30},"end":{"line":281,"column":null}},"87":{"start":{"line":283,"column":4},"end":{"line":283,"column":null}},"88":{"start":{"line":285,"column":4},"end":{"line":285,"column":null}},"89":{"start":{"line":286,"column":4},"end":{"line":286,"column":null}},"90":{"start":{"line":289,"column":69},"end":{"line":299,"column":null}},"91":{"start":{"line":301,"column":13},"end":{"line":656,"column":null}},"92":{"start":{"line":301,"column":61},"end":{"line":656,"column":2}},"93":{"start":{"line":340,"column":32},"end":{"line":340,"column":null}},"94":{"start":{"line":342,"column":49},"end":{"line":342,"column":null}},"95":{"start":{"line":343,"column":21},"end":{"line":343,"column":null}},"96":{"start":{"line":345,"column":8},"end":{"line":347,"column":null}},"97":{"start":{"line":346,"column":12},"end":{"line":346,"column":null}},"98":{"start":{"line":348,"column":8},"end":{"line":348,"column":null}},"99":{"start":{"line":350,"column":28},"end":{"line":350,"column":null}},"100":{"start":{"line":351,"column":38},"end":{"line":351,"column":null}},"101":{"start":{"line":353,"column":33},"end":{"line":353,"column":null}},"102":{"start":{"line":354,"column":22},"end":{"line":354,"column":null}},"103":{"start":{"line":355,"column":29},"end":{"line":355,"column":null}},"104":{"start":{"line":359,"column":8},"end":{"line":359,"column":null}},"105":{"start":{"line":361,"column":32},"end":{"line":361,"column":null}},"106":{"start":{"line":362,"column":23},"end":{"line":362,"column":null}},"107":{"start":{"line":362,"column":45},"end":{"line":362,"column":56}},"108":{"start":{"line":363,"column":8},"end":{"line":363,"column":null}},"109":{"start":{"line":363,"column":21},"end":{"line":363,"column":null}},"110":{"start":{"line":366,"column":23},"end":{"line":366,"column":null}},"111":{"start":{"line":366,"column":47},"end":{"line":366,"column":58}},"112":{"start":{"line":367,"column":24},"end":{"line":367,"column":null}},"113":{"start":{"line":369,"column":8},"end":{"line":383,"column":null}},"114":{"start":{"line":369,"column":21},"end":{"line":369,"column":24}},"115":{"start":{"line":370,"column":12},"end":{"line":382,"column":null}},"116":{"start":{"line":385,"column":8},"end":{"line":385,"column":null}},"117":{"start":{"line":389,"column":52},"end":{"line":389,"column":null}},"118":{"start":{"line":390,"column":23},"end":{"line":390,"column":null}},"119":{"start":{"line":390,"column":47},"end":{"line":390,"column":58}},"120":{"start":{"line":391,"column":22},"end":{"line":391,"column":null}},"121":{"start":{"line":392,"column":27},"end":{"line":392,"column":null}},"122":{"start":{"line":394,"column":8},"end":{"line":399,"column":null}},"123":{"start":{"line":403,"column":49},"end":{"line":403,"column":null}},"124":{"start":{"line":404,"column":8},"end":{"line":404,"column":null}},"125":{"start":{"line":405,"column":8},"end":{"line":407,"column":null}},"126":{"start":{"line":406,"column":12},"end":{"line":406,"column":null}},"127":{"start":{"line":411,"column":62},"end":{"line":411,"column":null}},"128":{"start":{"line":412,"column":25},"end":{"line":412,"column":null}},"129":{"start":{"line":413,"column":32},"end":{"line":413,"column":null}},"130":{"start":{"line":416,"column":25},"end":{"line":416,"column":null}},"131":{"start":{"line":417,"column":8},"end":{"line":424,"column":null}},"132":{"start":{"line":419,"column":12},"end":{"line":421,"column":null}},"133":{"start":{"line":420,"column":16},"end":{"line":420,"column":null}},"134":{"start":{"line":422,"column":12},"end":{"line":422,"column":null}},"135":{"start":{"line":423,"column":12},"end":{"line":423,"column":null}},"136":{"start":{"line":423,"column":28},"end":{"line":423,"column":null}},"137":{"start":{"line":427,"column":8},"end":{"line":431,"column":null}},"138":{"start":{"line":428,"column":12},"end":{"line":430,"column":null}},"139":{"start":{"line":429,"column":16},"end":{"line":429,"column":null}},"140":{"start":{"line":433,"column":8},"end":{"line":437,"column":null}},"141":{"start":{"line":441,"column":8},"end":{"line":441,"column":null}},"142":{"start":{"line":441,"column":35},"end":{"line":441,"column":null}},"143":{"start":{"line":442,"column":8},"end":{"line":442,"column":null}},"144":{"start":{"line":446,"column":8},"end":{"line":446,"column":null}},"145":{"start":{"line":446,"column":35},"end":{"line":446,"column":null}},"146":{"start":{"line":447,"column":26},"end":{"line":447,"column":null}},"147":{"start":{"line":448,"column":8},"end":{"line":458,"column":null}},"148":{"start":{"line":449,"column":12},"end":{"line":449,"column":null}},"149":{"start":{"line":451,"column":12},"end":{"line":455,"column":null}},"150":{"start":{"line":457,"column":12},"end":{"line":457,"column":null}},"151":{"start":{"line":462,"column":8},"end":{"line":462,"column":null}},"152":{"start":{"line":466,"column":8},"end":{"line":468,"column":null}},"153":{"start":{"line":467,"column":12},"end":{"line":467,"column":null}},"154":{"start":{"line":473,"column":22},"end":{"line":473,"column":null}},"155":{"start":{"line":474,"column":8},"end":{"line":486,"column":null}},"156":{"start":{"line":476,"column":30},"end":{"line":476,"column":null}},"157":{"start":{"line":477,"column":12},"end":{"line":485,"column":null}},"158":{"start":{"line":479,"column":16},"end":{"line":479,"column":null}},"159":{"start":{"line":481,"column":16},"end":{"line":484,"column":null}},"160":{"start":{"line":490,"column":22},"end":{"line":490,"column":null}},"161":{"start":{"line":491,"column":8},"end":{"line":496,"column":null}},"162":{"start":{"line":492,"column":18},"end":{"line":492,"column":null}},"163":{"start":{"line":493,"column":12},"end":{"line":495,"column":null}},"164":{"start":{"line":500,"column":8},"end":{"line":500,"column":null}},"165":{"start":{"line":504,"column":8},"end":{"line":504,"column":null}},"166":{"start":{"line":505,"column":8},"end":{"line":505,"column":null}},"167":{"start":{"line":507,"column":37},"end":{"line":507,"column":null}},"168":{"start":{"line":510,"column":25},"end":{"line":527,"column":null}},"169":{"start":{"line":511,"column":34},"end":{"line":511,"column":null}},"170":{"start":{"line":512,"column":12},"end":{"line":526,"column":null}},"171":{"start":{"line":513,"column":16},"end":{"line":513,"column":null}},"172":{"start":{"line":514,"column":16},"end":{"line":514,"column":null}},"173":{"start":{"line":516,"column":34},"end":{"line":516,"column":null}},"174":{"start":{"line":519,"column":16},"end":{"line":523,"column":null}},"175":{"start":{"line":520,"column":20},"end":{"line":520,"column":null}},"176":{"start":{"line":521,"column":20},"end":{"line":521,"column":null}},"177":{"start":{"line":522,"column":20},"end":{"line":522,"column":null}},"178":{"start":{"line":525,"column":16},"end":{"line":525,"column":null}},"179":{"start":{"line":531,"column":8},"end":{"line":531,"column":null}},"180":{"start":{"line":532,"column":8},"end":{"line":532,"column":null}},"181":{"start":{"line":535,"column":25},"end":{"line":535,"column":null}},"182":{"start":{"line":536,"column":26},"end":{"line":536,"column":null}},"183":{"start":{"line":538,"column":25},"end":{"line":548,"column":null}},"184":{"start":{"line":539,"column":28},"end":{"line":539,"column":null}},"185":{"start":{"line":540,"column":29},"end":{"line":540,"column":null}},"186":{"start":{"line":542,"column":12},"end":{"line":542,"column":null}},"187":{"start":{"line":544,"column":12},"end":{"line":547,"column":null}},"188":{"start":{"line":545,"column":16},"end":{"line":545,"column":null}},"189":{"start":{"line":552,"column":119},"end":{"line":552,"column":null}},"190":{"start":{"line":554,"column":23},"end":{"line":554,"column":null}},"191":{"start":{"line":555,"column":8},"end":{"line":555,"column":null}},"192":{"start":{"line":555,"column":43},"end":{"line":555,"column":null}},"193":{"start":{"line":557,"column":8},"end":{"line":557,"column":null}},"194":{"start":{"line":557,"column":50},"end":{"line":557,"column":81}},"195":{"start":{"line":557,"column":81},"end":{"line":557,"column":89}},"196":{"start":{"line":559,"column":23},"end":{"line":559,"column":null}},"197":{"start":{"line":559,"column":46},"end":{"line":559,"column":129}},"198":{"start":{"line":561,"column":8},"end":{"line":596,"column":null}},"199":{"start":{"line":562,"column":12},"end":{"line":568,"column":null}},"200":{"start":{"line":563,"column":38},"end":{"line":563,"column":null}},"201":{"start":{"line":564,"column":38},"end":{"line":564,"column":null}},"202":{"start":{"line":565,"column":16},"end":{"line":565,"column":null}},"203":{"start":{"line":565,"column":56},"end":{"line":565,"column":87}},"204":{"start":{"line":565,"column":87},"end":{"line":565,"column":95}},"205":{"start":{"line":566,"column":33},"end":{"line":566,"column":null}},"206":{"start":{"line":567,"column":16},"end":{"line":567,"column":null}},"207":{"start":{"line":567,"column":32},"end":{"line":567,"column":63}},"208":{"start":{"line":567,"column":63},"end":{"line":567,"column":71}},"209":{"start":{"line":570,"column":35},"end":{"line":570,"column":null}},"210":{"start":{"line":571,"column":29},"end":{"line":571,"column":null}},"211":{"start":{"line":571,"column":45},"end":{"line":571,"column":116}},"212":{"start":{"line":572,"column":33},"end":{"line":572,"column":null}},"213":{"start":{"line":573,"column":31},"end":{"line":573,"column":null}},"214":{"start":{"line":575,"column":30},"end":{"line":575,"column":null}},"215":{"start":{"line":576,"column":12},"end":{"line":576,"column":null}},"216":{"start":{"line":576,"column":45},"end":{"line":576,"column":null}},"217":{"start":{"line":579,"column":36},"end":{"line":579,"column":null}},"218":{"start":{"line":580,"column":12},"end":{"line":588,"column":null}},"219":{"start":{"line":581,"column":16},"end":{"line":585,"column":null}},"220":{"start":{"line":582,"column":20},"end":{"line":582,"column":null}},"221":{"start":{"line":583,"column":16},"end":{"line":585,"column":null}},"222":{"start":{"line":584,"column":20},"end":{"line":584,"column":null}},"223":{"start":{"line":587,"column":16},"end":{"line":587,"column":null}},"224":{"start":{"line":590,"column":12},"end":{"line":593,"column":null}},"225":{"start":{"line":595,"column":12},"end":{"line":595,"column":null}},"226":{"start":{"line":599,"column":30},"end":{"line":599,"column":null}},"227":{"start":{"line":600,"column":28},"end":{"line":600,"column":null}},"228":{"start":{"line":600,"column":44},"end":{"line":600,"column":89}},"229":{"start":{"line":604,"column":8},"end":{"line":604,"column":null}},"230":{"start":{"line":607,"column":36},"end":{"line":607,"column":null}},"231":{"start":{"line":608,"column":28},"end":{"line":608,"column":null}},"232":{"start":{"line":610,"column":8},"end":{"line":623,"column":null}},"233":{"start":{"line":611,"column":29},"end":{"line":611,"column":64}},"234":{"start":{"line":611,"column":64},"end":{"line":611,"column":84}},"235":{"start":{"line":611,"column":84},"end":{"line":611,"column":null}},"236":{"start":{"line":612,"column":29},"end":{"line":612,"column":62}},"237":{"start":{"line":612,"column":62},"end":{"line":612,"column":100}},"238":{"start":{"line":612,"column":93},"end":{"line":612,"column":97}},"239":{"start":{"line":612,"column":100},"end":{"line":612,"column":null}},"240":{"start":{"line":613,"column":25},"end":{"line":613,"column":56}},"241":{"start":{"line":613,"column":56},"end":{"line":613,"column":null}},"242":{"start":{"line":614,"column":28},"end":{"line":614,"column":62}},"243":{"start":{"line":614,"column":62},"end":{"line":614,"column":null}},"244":{"start":{"line":615,"column":25},"end":{"line":615,"column":56}},"245":{"start":{"line":615,"column":56},"end":{"line":615,"column":null}},"246":{"start":{"line":616,"column":27},"end":{"line":616,"column":60}},"247":{"start":{"line":616,"column":60},"end":{"line":616,"column":null}},"248":{"start":{"line":618,"column":16},"end":{"line":618,"column":null}},"249":{"start":{"line":619,"column":16},"end":{"line":619,"column":null}},"250":{"start":{"line":620,"column":16},"end":{"line":620,"column":null}},"251":{"start":{"line":621,"column":25},"end":{"line":621,"column":56}},"252":{"start":{"line":621,"column":56},"end":{"line":621,"column":75}},"253":{"start":{"line":621,"column":75},"end":{"line":621,"column":null}},"254":{"start":{"line":622,"column":24},"end":{"line":622,"column":54}},"255":{"start":{"line":622,"column":54},"end":{"line":622,"column":70}},"256":{"start":{"line":622,"column":70},"end":{"line":622,"column":null}},"257":{"start":{"line":625,"column":23},"end":{"line":625,"column":null}},"258":{"start":{"line":627,"column":8},"end":{"line":652,"column":null}},"259":{"start":{"line":655,"column":21},"end":{"line":655,"column":null}}},"fnMap":{"0":{"name":"(anonymous_0)","decl":{"start":{"line":115,"column":28},"end":{"line":115,"column":34}},"loc":{"start":{"line":115,"column":34},"end":{"line":125,"column":null}},"line":115},"1":{"name":"(anonymous_1)","decl":{"start":{"line":127,"column":26},"end":{"line":127,"column":32}},"loc":{"start":{"line":127,"column":32},"end":{"line":134,"column":null}},"line":127},"2":{"name":"(anonymous_2)","decl":{"start":{"line":131,"column":22},"end":{"line":131,"column":23}},"loc":{"start":{"line":131,"column":34},"end":{"line":131,"column":114}},"line":131},"3":{"name":"(anonymous_3)","decl":{"start":{"line":136,"column":24},"end":{"line":136,"column":30}},"loc":{"start":{"line":136,"column":30},"end":{"line":150,"column":null}},"line":136},"4":{"name":"(anonymous_4)","decl":{"start":{"line":152,"column":27},"end":{"line":152,"column":33}},"loc":{"start":{"line":152,"column":33},"end":{"line":165,"column":null}},"line":152},"5":{"name":"(anonymous_5)","decl":{"start":{"line":167,"column":24},"end":{"line":167,"column":30}},"loc":{"start":{"line":167,"column":30},"end":{"line":174,"column":null}},"line":167},"6":{"name":"(anonymous_6)","decl":{"start":{"line":176,"column":26},"end":{"line":176,"column":32}},"loc":{"start":{"line":176,"column":32},"end":{"line":188,"column":null}},"line":176},"7":{"name":"(anonymous_7)","decl":{"start":{"line":190,"column":30},"end":{"line":190,"column":36}},"loc":{"start":{"line":190,"column":36},"end":{"line":272,"column":null}},"line":190},"8":{"name":"(anonymous_8)","decl":{"start":{"line":274,"column":24},"end":{"line":274,"column":30}},"loc":{"start":{"line":274,"column":30},"end":{"line":278,"column":null}},"line":274},"9":{"name":"(anonymous_9)","decl":{"start":{"line":280,"column":23},"end":{"line":280,"column":29}},"loc":{"start":{"line":280,"column":29},"end":{"line":287,"column":null}},"line":280},"10":{"name":"(anonymous_10)","decl":{"start":{"line":301,"column":46},"end":{"line":301,"column":47}},"loc":{"start":{"line":301,"column":61},"end":{"line":656,"column":2}},"line":301},"11":{"name":"(anonymous_11)","decl":{"start":{"line":340,"column":23},"end":{"line":340,"column":24}},"loc":{"start":{"line":340,"column":32},"end":{"line":340,"column":null}},"line":340},"12":{"name":"(anonymous_12)","decl":{"start":{"line":341,"column":18},"end":{"line":341,"column":19}},"loc":{"start":{"line":341,"column":30},"end":{"line":349,"column":null}},"line":341},"13":{"name":"(anonymous_13)","decl":{"start":{"line":350,"column":20},"end":{"line":350,"column":21}},"loc":{"start":{"line":350,"column":28},"end":{"line":350,"column":null}},"line":350},"14":{"name":"(anonymous_14)","decl":{"start":{"line":351,"column":25},"end":{"line":351,"column":26}},"loc":{"start":{"line":351,"column":38},"end":{"line":351,"column":null}},"line":351},"15":{"name":"(anonymous_15)","decl":{"start":{"line":353,"column":25},"end":{"line":353,"column":26}},"loc":{"start":{"line":353,"column":33},"end":{"line":353,"column":null}},"line":353},"16":{"name":"(anonymous_16)","decl":{"start":{"line":354,"column":16},"end":{"line":354,"column":22}},"loc":{"start":{"line":354,"column":22},"end":{"line":354,"column":null}},"line":354},"17":{"name":"(anonymous_17)","decl":{"start":{"line":355,"column":21},"end":{"line":355,"column":22}},"loc":{"start":{"line":355,"column":29},"end":{"line":355,"column":null}},"line":355},"18":{"name":"(anonymous_18)","decl":{"start":{"line":358,"column":15},"end":{"line":358,"column":16}},"loc":{"start":{"line":358,"column":23},"end":{"line":386,"column":null}},"line":358},"19":{"name":"(anonymous_19)","decl":{"start":{"line":362,"column":40},"end":{"line":362,"column":45}},"loc":{"start":{"line":362,"column":45},"end":{"line":362,"column":56}},"line":362},"20":{"name":"(anonymous_20)","decl":{"start":{"line":366,"column":42},"end":{"line":366,"column":47}},"loc":{"start":{"line":366,"column":47},"end":{"line":366,"column":58}},"line":366},"21":{"name":"(anonymous_21)","decl":{"start":{"line":388,"column":20},"end":{"line":388,"column":21}},"loc":{"start":{"line":388,"column":28},"end":{"line":400,"column":null}},"line":388},"22":{"name":"(anonymous_22)","decl":{"start":{"line":390,"column":42},"end":{"line":390,"column":47}},"loc":{"start":{"line":390,"column":47},"end":{"line":390,"column":58}},"line":390},"23":{"name":"(anonymous_23)","decl":{"start":{"line":402,"column":20},"end":{"line":402,"column":26}},"loc":{"start":{"line":402,"column":26},"end":{"line":408,"column":null}},"line":402},"24":{"name":"(anonymous_24)","decl":{"start":{"line":410,"column":16},"end":{"line":410,"column":17}},"loc":{"start":{"line":410,"column":28},"end":{"line":438,"column":null}},"line":410},"25":{"name":"(anonymous_25)","decl":{"start":{"line":440,"column":16},"end":{"line":440,"column":17}},"loc":{"start":{"line":440,"column":28},"end":{"line":443,"column":null}},"line":440},"26":{"name":"(anonymous_26)","decl":{"start":{"line":445,"column":14},"end":{"line":445,"column":15}},"loc":{"start":{"line":445,"column":26},"end":{"line":459,"column":null}},"line":445},"27":{"name":"(anonymous_27)","decl":{"start":{"line":461,"column":24},"end":{"line":461,"column":30}},"loc":{"start":{"line":461,"column":30},"end":{"line":463,"column":null}},"line":461},"28":{"name":"(anonymous_28)","decl":{"start":{"line":465,"column":19},"end":{"line":465,"column":20}},"loc":{"start":{"line":465,"column":29},"end":{"line":469,"column":null}},"line":465},"29":{"name":"(anonymous_29)","decl":{"start":{"line":472,"column":19},"end":{"line":472,"column":20}},"loc":{"start":{"line":472,"column":38},"end":{"line":487,"column":null}},"line":472},"30":{"name":"(anonymous_30)","decl":{"start":{"line":489,"column":18},"end":{"line":489,"column":24}},"loc":{"start":{"line":489,"column":24},"end":{"line":497,"column":null}},"line":489},"31":{"name":"(anonymous_31)","decl":{"start":{"line":499,"column":19},"end":{"line":499,"column":25}},"loc":{"start":{"line":499,"column":25},"end":{"line":501,"column":null}},"line":499},"32":{"name":"(anonymous_32)","decl":{"start":{"line":503,"column":17},"end":{"line":503,"column":23}},"loc":{"start":{"line":503,"column":23},"end":{"line":528,"column":null}},"line":503},"33":{"name":"(anonymous_33)","decl":{"start":{"line":510,"column":37},"end":{"line":510,"column":43}},"loc":{"start":{"line":510,"column":43},"end":{"line":527,"column":11}},"line":510},"34":{"name":"(anonymous_34)","decl":{"start":{"line":530,"column":21},"end":{"line":530,"column":27}},"loc":{"start":{"line":530,"column":27},"end":{"line":549,"column":null}},"line":530},"35":{"name":"(anonymous_35)","decl":{"start":{"line":538,"column":37},"end":{"line":538,"column":43}},"loc":{"start":{"line":538,"column":43},"end":{"line":548,"column":11}},"line":538},"36":{"name":"(anonymous_36)","decl":{"start":{"line":551,"column":24},"end":{"line":551,"column":25}},"loc":{"start":{"line":551,"column":38},"end":{"line":597,"column":null}},"line":551},"37":{"name":"(anonymous_37)","decl":{"start":{"line":559,"column":40},"end":{"line":559,"column":46}},"loc":{"start":{"line":559,"column":46},"end":{"line":559,"column":129}},"line":559},"38":{"name":"(anonymous_38)","decl":{"start":{"line":571,"column":39},"end":{"line":571,"column":45}},"loc":{"start":{"line":571,"column":45},"end":{"line":571,"column":116}},"line":571},"39":{"name":"(anonymous_39)","decl":{"start":{"line":599,"column":21},"end":{"line":599,"column":22}},"loc":{"start":{"line":599,"column":30},"end":{"line":599,"column":null}},"line":599},"40":{"name":"(anonymous_40)","decl":{"start":{"line":600,"column":22},"end":{"line":600,"column":28}},"loc":{"start":{"line":600,"column":28},"end":{"line":600,"column":null}},"line":600},"41":{"name":"(anonymous_41)","decl":{"start":{"line":600,"column":32},"end":{"line":600,"column":33}},"loc":{"start":{"line":600,"column":44},"end":{"line":600,"column":89}},"line":600},"42":{"name":"(anonymous_42)","decl":{"start":{"line":602,"column":16},"end":{"line":602,"column":17}},"loc":{"start":{"line":602,"column":27},"end":{"line":653,"column":null}},"line":602},"43":{"name":"(anonymous_43)","decl":{"start":{"line":612,"column":88},"end":{"line":612,"column":93}},"loc":{"start":{"line":612,"column":93},"end":{"line":612,"column":97}},"line":612},"44":{"name":"(anonymous_44)","decl":{"start":{"line":655,"column":15},"end":{"line":655,"column":21}},"loc":{"start":{"line":655,"column":21},"end":{"line":655,"column":null}},"line":655}},"branchMap":{"0":{"loc":{"start":{"line":204,"column":15},"end":{"line":204,"column":40}},"type":"binary-expr","locations":[{"start":{"line":204,"column":15},"end":{"line":204,"column":25}},{"start":{"line":204,"column":25},"end":{"line":204,"column":40}}],"line":204},"1":{"loc":{"start":{"line":227,"column":16},"end":{"line":230,"column":null}},"type":"if","locations":[{"start":{"line":227,"column":16},"end":{"line":230,"column":null}},{"start":{},"end":{}}],"line":227},"2":{"loc":{"start":{"line":240,"column":8},"end":{"line":253,"column":null}},"type":"if","locations":[{"start":{"line":240,"column":8},"end":{"line":253,"column":null}},{"start":{},"end":{}}],"line":240},"3":{"loc":{"start":{"line":241,"column":29},"end":{"line":241,"column":null}},"type":"cond-expr","locations":[{"start":{"line":241,"column":51},"end":{"line":241,"column":60}},{"start":{"line":241,"column":60},"end":{"line":241,"column":null}}],"line":241},"4":{"loc":{"start":{"line":258,"column":25},"end":{"line":258,"column":null}},"type":"cond-expr","locations":[{"start":{"line":258,"column":47},"end":{"line":258,"column":56}},{"start":{"line":258,"column":56},"end":{"line":258,"column":null}}],"line":258},"5":{"loc":{"start":{"line":345,"column":8},"end":{"line":347,"column":null}},"type":"if","locations":[{"start":{"line":345,"column":8},"end":{"line":347,"column":null}},{"start":{},"end":{}}],"line":345},"6":{"loc":{"start":{"line":345,"column":12},"end":{"line":345,"column":75}},"type":"binary-expr","locations":[{"start":{"line":345,"column":12},"end":{"line":345,"column":22}},{"start":{"line":345,"column":22},"end":{"line":345,"column":53}},{"start":{"line":345,"column":53},"end":{"line":345,"column":75}}],"line":345},"7":{"loc":{"start":{"line":363,"column":8},"end":{"line":363,"column":null}},"type":"if","locations":[{"start":{"line":363,"column":8},"end":{"line":363,"column":null}},{"start":{},"end":{}}],"line":363},"8":{"loc":{"start":{"line":398,"column":28},"end":{"line":398,"column":null}},"type":"cond-expr","locations":[{"start":{"line":398,"column":41},"end":{"line":398,"column":45}},{"start":{"line":398,"column":45},"end":{"line":398,"column":null}}],"line":398},"9":{"loc":{"start":{"line":405,"column":8},"end":{"line":407,"column":null}},"type":"if","locations":[{"start":{"line":405,"column":8},"end":{"line":407,"column":null}},{"start":{},"end":{}}],"line":405},"10":{"loc":{"start":{"line":405,"column":12},"end":{"line":405,"column":64}},"type":"binary-expr","locations":[{"start":{"line":405,"column":12},"end":{"line":405,"column":42}},{"start":{"line":405,"column":42},"end":{"line":405,"column":64}}],"line":405},"11":{"loc":{"start":{"line":417,"column":8},"end":{"line":424,"column":null}},"type":"if","locations":[{"start":{"line":417,"column":8},"end":{"line":424,"column":null}},{"start":{},"end":{}}],"line":417},"12":{"loc":{"start":{"line":419,"column":12},"end":{"line":421,"column":null}},"type":"if","locations":[{"start":{"line":419,"column":12},"end":{"line":421,"column":null}},{"start":{},"end":{}}],"line":419},"13":{"loc":{"start":{"line":419,"column":16},"end":{"line":419,"column":54}},"type":"binary-expr","locations":[{"start":{"line":419,"column":16},"end":{"line":419,"column":34}},{"start":{"line":419,"column":34},"end":{"line":419,"column":54}}],"line":419},"14":{"loc":{"start":{"line":423,"column":12},"end":{"line":423,"column":null}},"type":"if","locations":[{"start":{"line":423,"column":12},"end":{"line":423,"column":null}},{"start":{},"end":{}}],"line":423},"15":{"loc":{"start":{"line":427,"column":8},"end":{"line":431,"column":null}},"type":"if","locations":[{"start":{"line":427,"column":8},"end":{"line":431,"column":null}},{"start":{},"end":{}}],"line":427},"16":{"loc":{"start":{"line":428,"column":12},"end":{"line":430,"column":null}},"type":"if","locations":[{"start":{"line":428,"column":12},"end":{"line":430,"column":null}},{"start":{},"end":{}}],"line":428},"17":{"loc":{"start":{"line":428,"column":16},"end":{"line":428,"column":56}},"type":"binary-expr","locations":[{"start":{"line":428,"column":16},"end":{"line":428,"column":34}},{"start":{"line":428,"column":34},"end":{"line":428,"column":56}}],"line":428},"18":{"loc":{"start":{"line":435,"column":29},"end":{"line":435,"column":null}},"type":"cond-expr","locations":[{"start":{"line":435,"column":42},"end":{"line":435,"column":49}},{"start":{"line":435,"column":49},"end":{"line":435,"column":null}}],"line":435},"19":{"loc":{"start":{"line":441,"column":8},"end":{"line":441,"column":null}},"type":"if","locations":[{"start":{"line":441,"column":8},"end":{"line":441,"column":null}},{"start":{},"end":{}}],"line":441},"20":{"loc":{"start":{"line":446,"column":8},"end":{"line":446,"column":null}},"type":"if","locations":[{"start":{"line":446,"column":8},"end":{"line":446,"column":null}},{"start":{},"end":{}}],"line":446},"21":{"loc":{"start":{"line":448,"column":8},"end":{"line":458,"column":null}},"type":"if","locations":[{"start":{"line":448,"column":8},"end":{"line":458,"column":null}},{"start":{"line":456,"column":15},"end":{"line":458,"column":null}}],"line":448},"22":{"loc":{"start":{"line":448,"column":12},"end":{"line":448,"column":56}},"type":"binary-expr","locations":[{"start":{"line":448,"column":12},"end":{"line":448,"column":32}},{"start":{"line":448,"column":32},"end":{"line":448,"column":56}}],"line":448},"23":{"loc":{"start":{"line":466,"column":8},"end":{"line":468,"column":null}},"type":"if","locations":[{"start":{"line":466,"column":8},"end":{"line":468,"column":null}},{"start":{},"end":{}}],"line":466},"24":{"loc":{"start":{"line":474,"column":8},"end":{"line":486,"column":null}},"type":"if","locations":[{"start":{"line":474,"column":8},"end":{"line":486,"column":null}},{"start":{},"end":{}}],"line":474},"25":{"loc":{"start":{"line":477,"column":12},"end":{"line":485,"column":null}},"type":"if","locations":[{"start":{"line":477,"column":12},"end":{"line":485,"column":null}},{"start":{"line":480,"column":19},"end":{"line":485,"column":null}}],"line":477},"26":{"loc":{"start":{"line":491,"column":8},"end":{"line":496,"column":null}},"type":"if","locations":[{"start":{"line":491,"column":8},"end":{"line":496,"column":null}},{"start":{},"end":{}}],"line":491},"27":{"loc":{"start":{"line":492,"column":31},"end":{"line":492,"column":66}},"type":"binary-expr","locations":[{"start":{"line":492,"column":31},"end":{"line":492,"column":61}},{"start":{"line":492,"column":61},"end":{"line":492,"column":66}}],"line":492},"28":{"loc":{"start":{"line":512,"column":12},"end":{"line":526,"column":null}},"type":"if","locations":[{"start":{"line":512,"column":12},"end":{"line":526,"column":null}},{"start":{"line":515,"column":19},"end":{"line":526,"column":null}}],"line":512},"29":{"loc":{"start":{"line":519,"column":16},"end":{"line":523,"column":null}},"type":"if","locations":[{"start":{"line":519,"column":16},"end":{"line":523,"column":null}},{"start":{},"end":{}}],"line":519},"30":{"loc":{"start":{"line":519,"column":20},"end":{"line":519,"column":64}},"type":"binary-expr","locations":[{"start":{"line":519,"column":20},"end":{"line":519,"column":47}},{"start":{"line":519,"column":47},"end":{"line":519,"column":64}}],"line":519},"31":{"loc":{"start":{"line":544,"column":12},"end":{"line":547,"column":null}},"type":"if","locations":[{"start":{"line":544,"column":12},"end":{"line":547,"column":null}},{"start":{},"end":{}}],"line":544},"32":{"loc":{"start":{"line":555,"column":8},"end":{"line":555,"column":null}},"type":"if","locations":[{"start":{"line":555,"column":8},"end":{"line":555,"column":null}},{"start":{},"end":{}}],"line":555},"33":{"loc":{"start":{"line":557,"column":8},"end":{"line":557,"column":null}},"type":"if","locations":[{"start":{"line":557,"column":8},"end":{"line":557,"column":null}},{"start":{},"end":{}}],"line":557},"34":{"loc":{"start":{"line":557,"column":12},"end":{"line":557,"column":48}},"type":"binary-expr","locations":[{"start":{"line":557,"column":12},"end":{"line":557,"column":25}},{"start":{"line":557,"column":25},"end":{"line":557,"column":48}}],"line":557},"35":{"loc":{"start":{"line":559,"column":46},"end":{"line":559,"column":129}},"type":"binary-expr","locations":[{"start":{"line":559,"column":46},"end":{"line":559,"column":67}},{"start":{"line":559,"column":67},"end":{"line":559,"column":90}},{"start":{"line":559,"column":90},"end":{"line":559,"column":111}},{"start":{"line":559,"column":111},"end":{"line":559,"column":129}}],"line":559},"36":{"loc":{"start":{"line":561,"column":8},"end":{"line":596,"column":null}},"type":"if","locations":[{"start":{"line":561,"column":8},"end":{"line":596,"column":null}},{"start":{"line":594,"column":15},"end":{"line":596,"column":null}}],"line":561},"37":{"loc":{"start":{"line":562,"column":12},"end":{"line":568,"column":null}},"type":"if","locations":[{"start":{"line":562,"column":12},"end":{"line":568,"column":null}},{"start":{},"end":{}}],"line":562},"38":{"loc":{"start":{"line":565,"column":16},"end":{"line":565,"column":null}},"type":"if","locations":[{"start":{"line":565,"column":16},"end":{"line":565,"column":null}},{"start":{},"end":{}}],"line":565},"39":{"loc":{"start":{"line":565,"column":20},"end":{"line":565,"column":54}},"type":"binary-expr","locations":[{"start":{"line":565,"column":20},"end":{"line":565,"column":38}},{"start":{"line":565,"column":38},"end":{"line":565,"column":54}}],"line":565},"40":{"loc":{"start":{"line":566,"column":33},"end":{"line":566,"column":null}},"type":"binary-expr","locations":[{"start":{"line":566,"column":33},"end":{"line":566,"column":63}},{"start":{"line":566,"column":63},"end":{"line":566,"column":95}},{"start":{"line":566,"column":95},"end":{"line":566,"column":125}},{"start":{"line":566,"column":125},"end":{"line":566,"column":null}}],"line":566},"41":{"loc":{"start":{"line":567,"column":16},"end":{"line":567,"column":null}},"type":"if","locations":[{"start":{"line":567,"column":16},"end":{"line":567,"column":null}},{"start":{},"end":{}}],"line":567},"42":{"loc":{"start":{"line":571,"column":45},"end":{"line":571,"column":116}},"type":"cond-expr","locations":[{"start":{"line":571,"column":87},"end":{"line":571,"column":115}},{"start":{"line":571,"column":115},"end":{"line":571,"column":116}}],"line":571},"43":{"loc":{"start":{"line":571,"column":45},"end":{"line":571,"column":87}},"type":"binary-expr","locations":[{"start":{"line":571,"column":45},"end":{"line":571,"column":66}},{"start":{"line":571,"column":66},"end":{"line":571,"column":87}}],"line":571},"44":{"loc":{"start":{"line":573,"column":31},"end":{"line":573,"column":null}},"type":"binary-expr","locations":[{"start":{"line":573,"column":31},"end":{"line":573,"column":68}},{"start":{"line":573,"column":68},"end":{"line":573,"column":null}}],"line":573},"45":{"loc":{"start":{"line":576,"column":12},"end":{"line":576,"column":null}},"type":"if","locations":[{"start":{"line":576,"column":12},"end":{"line":576,"column":null}},{"start":{},"end":{}}],"line":576},"46":{"loc":{"start":{"line":580,"column":12},"end":{"line":588,"column":null}},"type":"if","locations":[{"start":{"line":580,"column":12},"end":{"line":588,"column":null}},{"start":{"line":586,"column":19},"end":{"line":588,"column":null}}],"line":580},"47":{"loc":{"start":{"line":581,"column":16},"end":{"line":585,"column":null}},"type":"if","locations":[{"start":{"line":581,"column":16},"end":{"line":585,"column":null}},{"start":{"line":583,"column":16},"end":{"line":585,"column":null}}],"line":581},"48":{"loc":{"start":{"line":583,"column":16},"end":{"line":585,"column":null}},"type":"if","locations":[{"start":{"line":583,"column":16},"end":{"line":585,"column":null}},{"start":{},"end":{}}],"line":583},"49":{"loc":{"start":{"line":583,"column":27},"end":{"line":583,"column":81}},"type":"binary-expr","locations":[{"start":{"line":583,"column":27},"end":{"line":583,"column":54}},{"start":{"line":583,"column":54},"end":{"line":583,"column":81}}],"line":583},"50":{"loc":{"start":{"line":610,"column":8},"end":{"line":623,"column":null}},"type":"switch","locations":[{"start":{"line":611,"column":12},"end":{"line":611,"column":null}},{"start":{"line":612,"column":12},"end":{"line":612,"column":null}},{"start":{"line":613,"column":12},"end":{"line":613,"column":null}},{"start":{"line":614,"column":12},"end":{"line":614,"column":null}},{"start":{"line":615,"column":12},"end":{"line":615,"column":null}},{"start":{"line":616,"column":12},"end":{"line":616,"column":null}},{"start":{"line":617,"column":12},"end":{"line":620,"column":null}},{"start":{"line":621,"column":12},"end":{"line":621,"column":null}},{"start":{"line":622,"column":12},"end":{"line":622,"column":null}}],"line":610}},"s":{"0":1,"1":3,"2":3,"3":3,"4":42,"5":42,"6":42,"7":42,"8":3,"9":3,"10":1,"11":4,"12":4,"13":4,"14":4,"15":24,"16":4,"17":4,"18":32,"19":4,"20":1,"21":4,"22":4,"23":4,"24":60,"25":4,"26":1,"27":4,"28":4,"29":4,"30":80,"31":4,"32":1,"33":6,"34":6,"35":6,"36":6,"37":1,"38":2,"39":2,"40":2,"41":2,"42":2,"43":2,"44":2,"45":2,"46":1,"47":0,"48":0,"49":0,"50":0,"51":0,"52":0,"53":0,"54":0,"55":0,"56":0,"57":0,"58":0,"59":0,"60":0,"61":0,"62":0,"63":0,"64":0,"65":0,"66":0,"67":0,"68":0,"69":0,"70":0,"71":0,"72":0,"73":0,"74":0,"75":0,"76":0,"77":0,"78":0,"79":0,"80":0,"81":1,"82":0,"83":0,"84":0,"85":1,"86":0,"87":0,"88":0,"89":0,"90":1,"91":1,"92":1,"93":1,"94":5,"95":5,"96":5,"97":3,"98":5,"99":0,"100":0,"101":7,"102":0,"103":0,"104":3,"105":3,"106":3,"107":3,"108":3,"109":0,"110":3,"111":45,"112":3,"113":3,"114":3,"115":9,"116":3,"117":5,"118":5,"119":75,"120":5,"121":5,"122":5,"123":0,"124":0,"125":0,"126":0,"127":4,"128":4,"129":4,"130":4,"131":4,"132":4,"133":3,"134":4,"135":4,"136":2,"137":4,"138":0,"139":0,"140":4,"141":2,"142":0,"143":2,"144":3,"145":0,"146":3,"147":3,"148":2,"149":2,"150":1,"151":0,"152":2,"153":1,"154":0,"155":0,"156":0,"157":0,"158":0,"159":0,"160":0,"161":0,"162":0,"163":0,"164":0,"165":0,"166":0,"167":0,"168":0,"169":0,"170":0,"171":0,"172":0,"173":0,"174":0,"175":0,"176":0,"177":0,"178":0,"179":0,"180":0,"181":0,"182":0,"183":0,"184":0,"185":0,"186":0,"187":0,"188":0,"189":7,"190":7,"191":7,"192":0,"193":7,"194":0,"195":0,"196":7,"197":10,"198":7,"199":7,"200":7,"201":7,"202":7,"203":0,"204":0,"205":7,"206":7,"207":1,"208":1,"209":6,"210":6,"211":36,"212":6,"213":6,"214":7,"215":7,"216":6,"217":6,"218":6,"219":0,"220":0,"221":0,"222":0,"223":6,"224":6,"225":0,"226":2,"227":4,"228":4,"229":23,"230":23,"231":23,"232":23,"233":3,"234":3,"235":3,"236":4,"237":4,"238":24,"239":4,"240":4,"241":4,"242":4,"243":4,"244":6,"245":6,"246":2,"247":2,"248":0,"249":0,"250":0,"251":0,"252":0,"253":0,"254":0,"255":0,"256":0,"257":23,"258":23,"259":0},"f":{"0":3,"1":4,"2":24,"3":4,"4":4,"5":6,"6":2,"7":0,"8":0,"9":0,"10":1,"11":1,"12":5,"13":0,"14":0,"15":7,"16":0,"17":0,"18":3,"19":3,"20":45,"21":5,"22":75,"23":0,"24":4,"25":2,"26":3,"27":0,"28":2,"29":0,"30":0,"31":0,"32":0,"33":0,"34":0,"35":0,"36":7,"37":10,"38":36,"39":2,"40":4,"41":4,"42":23,"43":24,"44":0},"b":{"0":[0,0],"1":[0,0],"2":[0,0],"3":[0,0],"4":[0,0],"5":[3,2],"6":[5,4,4],"7":[0,3],"8":[1,4],"9":[0,0],"10":[0,0],"11":[4,0],"12":[3,1],"13":[4,3],"14":[2,2],"15":[0,4],"16":[0,0],"17":[0,0],"18":[2,2],"19":[0,2],"20":[0,3],"21":[2,1],"22":[3,2],"23":[1,1],"24":[0,0],"25":[0,0],"26":[0,0],"27":[0,0],"28":[0,0],"29":[0,0],"30":[0,0],"31":[0,0],"32":[0,7],"33":[0,7],"34":[7,7],"35":[10,0,10,0],"36":[7,0],"37":[7,0],"38":[0,7],"39":[7,7],"40":[7,7,1,0],"41":[1,6],"42":[12,24],"43":[36,30],"44":[6,1],"45":[6,1],"46":[0,6],"47":[0,0],"48":[0,0],"49":[0,0],"50":[3,4,4,4,6,2,0,0,0]},"meta":{"lastBranch":51,"lastFunction":45,"lastStatement":260,"seen":{"s:115:28:125:Infinity":0,"f:115:28:115:34":0,"s:116:30:116:Infinity":1,"s:117:4:122:Infinity":2,"s:117:17:117:20":3,"s:118:18:118:Infinity":4,"s:119:22:119:Infinity":5,"s:120:8:120:Infinity":6,"s:121:8:121:Infinity":7,"s:123:4:123:Infinity":8,"s:124:4:124:Infinity":9,"s:127:26:134:Infinity":10,"f:127:26:127:32":1,"s:128:30:128:Infinity":11,"s:129:30:129:Infinity":12,"s:130:22:130:Infinity":13,"s:131:4:131:Infinity":14,"f:131:22:131:23":2,"s:131:34:131:114":15,"s:132:4:132:Infinity":16,"s:132:17:132:20":17,"s:132:32:132:Infinity":18,"s:133:4:133:Infinity":19,"s:136:24:150:Infinity":20,"f:136:24:136:30":3,"s:137:30:137:Infinity":21,"s:139:4:148:Infinity":22,"s:139:17:139:20":23,"s:140:8:147:Infinity":24,"s:149:4:149:Infinity":25,"s:152:27:165:Infinity":26,"f:152:27:152:33":4,"s:153:30:153:Infinity":27,"s:155:4:163:Infinity":28,"s:155:17:155:20":29,"s:156:8:162:Infinity":30,"s:164:4:164:Infinity":31,"s:167:24:174:Infinity":32,"f:167:24:167:30":5,"s:168:30:168:Infinity":33,"s:170:4:170:Infinity":34,"s:172:4:172:Infinity":35,"s:173:4:173:Infinity":36,"s:176:26:188:Infinity":37,"f:176:26:176:32":6,"s:177:30:177:Infinity":38,"s:178:18:178:Infinity":39,"s:179:19:179:Infinity":40,"s:182:4:182:Infinity":41,"s:183:4:183:Infinity":42,"s:184:4:184:Infinity":43,"s:185:4:185:Infinity":44,"s:187:4:187:Infinity":45,"s:190:30:272:Infinity":46,"f:190:30:190:36":7,"s:191:30:191:Infinity":47,"s:192:30:192:Infinity":48,"s:196:18:196:Infinity":49,"s:198:4:254:Infinity":50,"s:198:17:198:20":51,"s:199:44:199:Infinity":52,"s:200:20:200:Infinity":53,"s:201:23:201:Infinity":54,"s:204:8:233:Infinity":55,"b:204:15:204:25:204:25:204:40":0,"s:205:22:205:Infinity":56,"s:209:27:209:Infinity":57,"s:210:27:210:Infinity":58,"s:213:18:213:Infinity":59,"s:214:28:214:Infinity":60,"s:215:18:215:Infinity":61,"s:217:12:221:Infinity":62,"s:224:12:224:Infinity":63,"s:225:12:231:Infinity":64,"s:226:29:226:Infinity":65,"b:227:16:230:Infinity:undefined:undefined:undefined:undefined":1,"s:227:16:230:Infinity":66,"s:228:20:228:Infinity":67,"s:229:20:229:Infinity":68,"s:232:12:232:Infinity":69,"s:236:8:236:Infinity":70,"b:240:8:253:Infinity:undefined:undefined:undefined:undefined":2,"s:240:8:253:Infinity":71,"s:241:29:241:Infinity":72,"b:241:51:241:60:241:60:241:Infinity":3,"s:242:27:242:Infinity":73,"s:243:12:252:Infinity":74,"s:257:4:269:Infinity":75,"s:257:17:257:20":76,"s:258:25:258:Infinity":77,"b:258:47:258:56:258:56:258:Infinity":4,"s:259:28:259:Infinity":78,"s:260:8:268:Infinity":79,"s:271:4:271:Infinity":80,"s:274:24:278:Infinity":81,"f:274:24:274:30":8,"s:275:30:275:Infinity":82,"s:276:4:276:Infinity":83,"s:277:4:277:Infinity":84,"s:280:23:287:Infinity":85,"f:280:23:280:29":9,"s:281:30:281:Infinity":86,"s:283:4:283:Infinity":87,"s:285:4:285:Infinity":88,"s:286:4:286:Infinity":89,"s:289:69:299:Infinity":90,"s:301:13:656:Infinity":91,"f:301:46:301:47":10,"s:301:61:656:2":92,"f:340:23:340:24":11,"s:340:32:340:Infinity":93,"f:341:18:341:19":12,"s:342:49:342:Infinity":94,"s:343:21:343:Infinity":95,"b:345:8:347:Infinity:undefined:undefined:undefined:undefined":5,"s:345:8:347:Infinity":96,"b:345:12:345:22:345:22:345:53:345:53:345:75":6,"s:346:12:346:Infinity":97,"s:348:8:348:Infinity":98,"f:350:20:350:21":13,"s:350:28:350:Infinity":99,"f:351:25:351:26":14,"s:351:38:351:Infinity":100,"f:353:25:353:26":15,"s:353:33:353:Infinity":101,"f:354:16:354:22":16,"s:354:22:354:Infinity":102,"f:355:21:355:22":17,"s:355:29:355:Infinity":103,"f:358:15:358:16":18,"s:359:8:359:Infinity":104,"s:361:32:361:Infinity":105,"s:362:23:362:Infinity":106,"f:362:40:362:45":19,"s:362:45:362:56":107,"b:363:8:363:Infinity:undefined:undefined:undefined:undefined":7,"s:363:8:363:Infinity":108,"s:363:21:363:Infinity":109,"s:366:23:366:Infinity":110,"f:366:42:366:47":20,"s:366:47:366:58":111,"s:367:24:367:Infinity":112,"s:369:8:383:Infinity":113,"s:369:21:369:24":114,"s:370:12:382:Infinity":115,"s:385:8:385:Infinity":116,"f:388:20:388:21":21,"s:389:52:389:Infinity":117,"s:390:23:390:Infinity":118,"f:390:42:390:47":22,"s:390:47:390:58":119,"s:391:22:391:Infinity":120,"s:392:27:392:Infinity":121,"s:394:8:399:Infinity":122,"b:398:41:398:45:398:45:398:Infinity":8,"f:402:20:402:26":23,"s:403:49:403:Infinity":123,"s:404:8:404:Infinity":124,"b:405:8:407:Infinity:undefined:undefined:undefined:undefined":9,"s:405:8:407:Infinity":125,"b:405:12:405:42:405:42:405:64":10,"s:406:12:406:Infinity":126,"f:410:16:410:17":24,"s:411:62:411:Infinity":127,"s:412:25:412:Infinity":128,"s:413:32:413:Infinity":129,"s:416:25:416:Infinity":130,"b:417:8:424:Infinity:undefined:undefined:undefined:undefined":11,"s:417:8:424:Infinity":131,"b:419:12:421:Infinity:undefined:undefined:undefined:undefined":12,"s:419:12:421:Infinity":132,"b:419:16:419:34:419:34:419:54":13,"s:420:16:420:Infinity":133,"s:422:12:422:Infinity":134,"b:423:12:423:Infinity:undefined:undefined:undefined:undefined":14,"s:423:12:423:Infinity":135,"s:423:28:423:Infinity":136,"b:427:8:431:Infinity:undefined:undefined:undefined:undefined":15,"s:427:8:431:Infinity":137,"b:428:12:430:Infinity:undefined:undefined:undefined:undefined":16,"s:428:12:430:Infinity":138,"b:428:16:428:34:428:34:428:56":17,"s:429:16:429:Infinity":139,"s:433:8:437:Infinity":140,"b:435:42:435:49:435:49:435:Infinity":18,"f:440:16:440:17":25,"b:441:8:441:Infinity:undefined:undefined:undefined:undefined":19,"s:441:8:441:Infinity":141,"s:441:35:441:Infinity":142,"s:442:8:442:Infinity":143,"f:445:14:445:15":26,"b:446:8:446:Infinity:undefined:undefined:undefined:undefined":20,"s:446:8:446:Infinity":144,"s:446:35:446:Infinity":145,"s:447:26:447:Infinity":146,"b:448:8:458:Infinity:456:15:458:Infinity":21,"s:448:8:458:Infinity":147,"b:448:12:448:32:448:32:448:56":22,"s:449:12:449:Infinity":148,"s:451:12:455:Infinity":149,"s:457:12:457:Infinity":150,"f:461:24:461:30":27,"s:462:8:462:Infinity":151,"f:465:19:465:20":28,"b:466:8:468:Infinity:undefined:undefined:undefined:undefined":23,"s:466:8:468:Infinity":152,"s:467:12:467:Infinity":153,"f:472:19:472:20":29,"s:473:22:473:Infinity":154,"b:474:8:486:Infinity:undefined:undefined:undefined:undefined":24,"s:474:8:486:Infinity":155,"s:476:30:476:Infinity":156,"b:477:12:485:Infinity:480:19:485:Infinity":25,"s:477:12:485:Infinity":157,"s:479:16:479:Infinity":158,"s:481:16:484:Infinity":159,"f:489:18:489:24":30,"s:490:22:490:Infinity":160,"b:491:8:496:Infinity:undefined:undefined:undefined:undefined":26,"s:491:8:496:Infinity":161,"s:492:18:492:Infinity":162,"b:492:31:492:61:492:61:492:66":27,"s:493:12:495:Infinity":163,"f:499:19:499:25":31,"s:500:8:500:Infinity":164,"f:503:17:503:23":32,"s:504:8:504:Infinity":165,"s:505:8:505:Infinity":166,"s:507:37:507:Infinity":167,"s:510:25:527:Infinity":168,"f:510:37:510:43":33,"s:511:34:511:Infinity":169,"b:512:12:526:Infinity:515:19:526:Infinity":28,"s:512:12:526:Infinity":170,"s:513:16:513:Infinity":171,"s:514:16:514:Infinity":172,"s:516:34:516:Infinity":173,"b:519:16:523:Infinity:undefined:undefined:undefined:undefined":29,"s:519:16:523:Infinity":174,"b:519:20:519:47:519:47:519:64":30,"s:520:20:520:Infinity":175,"s:521:20:521:Infinity":176,"s:522:20:522:Infinity":177,"s:525:16:525:Infinity":178,"f:530:21:530:27":34,"s:531:8:531:Infinity":179,"s:532:8:532:Infinity":180,"s:535:25:535:Infinity":181,"s:536:26:536:Infinity":182,"s:538:25:548:Infinity":183,"f:538:37:538:43":35,"s:539:28:539:Infinity":184,"s:540:29:540:Infinity":185,"s:542:12:542:Infinity":186,"b:544:12:547:Infinity:undefined:undefined:undefined:undefined":31,"s:544:12:547:Infinity":187,"s:545:16:545:Infinity":188,"f:551:24:551:25":36,"s:552:119:552:Infinity":189,"s:554:23:554:Infinity":190,"b:555:8:555:Infinity:undefined:undefined:undefined:undefined":32,"s:555:8:555:Infinity":191,"s:555:43:555:Infinity":192,"b:557:8:557:Infinity:undefined:undefined:undefined:undefined":33,"s:557:8:557:Infinity":193,"b:557:12:557:25:557:25:557:48":34,"s:557:50:557:81":194,"s:557:81:557:89":195,"s:559:23:559:Infinity":196,"f:559:40:559:46":37,"s:559:46:559:129":197,"b:559:46:559:67:559:67:559:90:559:90:559:111:559:111:559:129":35,"b:561:8:596:Infinity:594:15:596:Infinity":36,"s:561:8:596:Infinity":198,"b:562:12:568:Infinity:undefined:undefined:undefined:undefined":37,"s:562:12:568:Infinity":199,"s:563:38:563:Infinity":200,"s:564:38:564:Infinity":201,"b:565:16:565:Infinity:undefined:undefined:undefined:undefined":38,"s:565:16:565:Infinity":202,"b:565:20:565:38:565:38:565:54":39,"s:565:56:565:87":203,"s:565:87:565:95":204,"s:566:33:566:Infinity":205,"b:566:33:566:63:566:63:566:95:566:95:566:125:566:125:566:Infinity":40,"b:567:16:567:Infinity:undefined:undefined:undefined:undefined":41,"s:567:16:567:Infinity":206,"s:567:32:567:63":207,"s:567:63:567:71":208,"s:570:35:570:Infinity":209,"s:571:29:571:Infinity":210,"f:571:39:571:45":38,"s:571:45:571:116":211,"b:571:87:571:115:571:115:571:116":42,"b:571:45:571:66:571:66:571:87":43,"s:572:33:572:Infinity":212,"s:573:31:573:Infinity":213,"b:573:31:573:68:573:68:573:Infinity":44,"s:575:30:575:Infinity":214,"b:576:12:576:Infinity:undefined:undefined:undefined:undefined":45,"s:576:12:576:Infinity":215,"s:576:45:576:Infinity":216,"s:579:36:579:Infinity":217,"b:580:12:588:Infinity:586:19:588:Infinity":46,"s:580:12:588:Infinity":218,"b:581:16:585:Infinity:583:16:585:Infinity":47,"s:581:16:585:Infinity":219,"s:582:20:582:Infinity":220,"b:583:16:585:Infinity:undefined:undefined:undefined:undefined":48,"s:583:16:585:Infinity":221,"b:583:27:583:54:583:54:583:81":49,"s:584:20:584:Infinity":222,"s:587:16:587:Infinity":223,"s:590:12:593:Infinity":224,"s:595:12:595:Infinity":225,"f:599:21:599:22":39,"s:599:30:599:Infinity":226,"f:600:22:600:28":40,"s:600:28:600:Infinity":227,"f:600:32:600:33":41,"s:600:44:600:89":228,"f:602:16:602:17":42,"s:604:8:604:Infinity":229,"s:607:36:607:Infinity":230,"s:608:28:608:Infinity":231,"b:611:12:611:Infinity:612:12:612:Infinity:613:12:613:Infinity:614:12:614:Infinity:615:12:615:Infinity:616:12:616:Infinity:617:12:620:Infinity:621:12:621:Infinity:622:12:622:Infinity":50,"s:610:8:623:Infinity":232,"s:611:29:611:64":233,"s:611:64:611:84":234,"s:611:84:611:Infinity":235,"s:612:29:612:62":236,"s:612:62:612:100":237,"f:612:88:612:93":43,"s:612:93:612:97":238,"s:612:100:612:Infinity":239,"s:613:25:613:56":240,"s:613:56:613:Infinity":241,"s:614:28:614:62":242,"s:614:62:614:Infinity":243,"s:615:25:615:56":244,"s:615:56:615:Infinity":245,"s:616:27:616:60":246,"s:616:60:616:Infinity":247,"s:618:16:618:Infinity":248,"s:619:16:619:Infinity":249,"s:620:16:620:Infinity":250,"s:621:25:621:56":251,"s:621:56:621:75":252,"s:621:75:621:Infinity":253,"s:622:24:622:54":254,"s:622:54:622:70":255,"s:622:70:622:Infinity":256,"s:625:23:625:Infinity":257,"s:627:8:652:Infinity":258,"f:655:15:655:21":44,"s:655:21:655:Infinity":259}}}
,"/home/user/Liquid-Left-Local/utils/audio.ts": {"path":"/home/user/Liquid-Left-Local/utils/audio.ts","statementMap":{"0":{"start":{"line":4,"column":36},"end":{"line":4,"column":null}},"1":{"start":{"line":5,"column":37},"end":{"line":5,"column":null}},"2":{"start":{"line":6,"column":35},"end":{"line":6,"column":null}},"3":{"start":{"line":8,"column":15},"end":{"line":11,"column":null}},"4":{"start":{"line":9,"column":4},"end":{"line":9,"column":null}},"5":{"start":{"line":9,"column":19},"end":{"line":9,"column":null}},"6":{"start":{"line":10,"column":4},"end":{"line":10,"column":null}},"7":{"start":{"line":13,"column":27},"end":{"line":16,"column":null}},"8":{"start":{"line":14,"column":16},"end":{"line":14,"column":null}},"9":{"start":{"line":15,"column":4},"end":{"line":15,"column":null}},"10":{"start":{"line":15,"column":35},"end":{"line":15,"column":null}},"11":{"start":{"line":18,"column":29},"end":{"line":55,"column":null}},"12":{"start":{"line":19,"column":16},"end":{"line":19,"column":null}},"13":{"start":{"line":20,"column":4},"end":{"line":20,"column":null}},"14":{"start":{"line":20,"column":56},"end":{"line":20,"column":null}},"15":{"start":{"line":21,"column":4},"end":{"line":21,"column":null}},"16":{"start":{"line":21,"column":11},"end":{"line":21,"column":46}},"17":{"start":{"line":22,"column":4},"end":{"line":22,"column":null}},"18":{"start":{"line":24,"column":23},"end":{"line":24,"column":null}},"19":{"start":{"line":25,"column":19},"end":{"line":25,"column":null}},"20":{"start":{"line":26,"column":17},"end":{"line":26,"column":null}},"21":{"start":{"line":28,"column":4},"end":{"line":31,"column":null}},"22":{"start":{"line":28,"column":17},"end":{"line":28,"column":20}},"23":{"start":{"line":29,"column":22},"end":{"line":29,"column":null}},"24":{"start":{"line":30,"column":8},"end":{"line":30,"column":null}},"25":{"start":{"line":33,"column":18},"end":{"line":33,"column":null}},"26":{"start":{"line":34,"column":4},"end":{"line":34,"column":null}},"27":{"start":{"line":35,"column":4},"end":{"line":35,"column":null}},"28":{"start":{"line":37,"column":19},"end":{"line":37,"column":null}},"29":{"start":{"line":38,"column":4},"end":{"line":38,"column":null}},"30":{"start":{"line":40,"column":19},"end":{"line":40,"column":null}},"31":{"start":{"line":41,"column":4},"end":{"line":41,"column":null}},"32":{"start":{"line":41,"column":30},"end":{"line":41,"column":null}},"33":{"start":{"line":42,"column":4},"end":{"line":42,"column":null}},"34":{"start":{"line":42,"column":26},"end":{"line":42,"column":null}},"35":{"start":{"line":43,"column":4},"end":{"line":43,"column":null}},"36":{"start":{"line":43,"column":28},"end":{"line":43,"column":44}},"37":{"start":{"line":43,"column":44},"end":{"line":43,"column":70}},"38":{"start":{"line":45,"column":4},"end":{"line":45,"column":null}},"39":{"start":{"line":47,"column":23},"end":{"line":47,"column":null}},"40":{"start":{"line":48,"column":4},"end":{"line":48,"column":null}},"41":{"start":{"line":50,"column":4},"end":{"line":50,"column":null}},"42":{"start":{"line":51,"column":4},"end":{"line":51,"column":null}},"43":{"start":{"line":52,"column":4},"end":{"line":52,"column":null}},"44":{"start":{"line":53,"column":4},"end":{"line":53,"column":null}},"45":{"start":{"line":54,"column":4},"end":{"line":54,"column":null}},"46":{"start":{"line":68,"column":43},"end":{"line":68,"column":null}},"47":{"start":{"line":69,"column":32},"end":{"line":69,"column":null}},"48":{"start":{"line":72,"column":28},"end":{"line":72,"column":null}},"49":{"start":{"line":73,"column":27},"end":{"line":73,"column":null}},"50":{"start":{"line":78,"column":49},"end":{"line":78,"column":null}},"51":{"start":{"line":81,"column":53},"end":{"line":81,"column":null}},"52":{"start":{"line":82,"column":38},"end":{"line":82,"column":null}},"53":{"start":{"line":83,"column":30},"end":{"line":83,"column":null}},"54":{"start":{"line":86,"column":22},"end":{"line":102,"column":null}},"55":{"start":{"line":87,"column":4},"end":{"line":89,"column":null}},"56":{"start":{"line":88,"column":8},"end":{"line":88,"column":null}},"57":{"start":{"line":91,"column":4},"end":{"line":101,"column":null}},"58":{"start":{"line":92,"column":20},"end":{"line":92,"column":null}},"59":{"start":{"line":93,"column":25},"end":{"line":93,"column":null}},"60":{"start":{"line":94,"column":28},"end":{"line":94,"column":null}},"61":{"start":{"line":95,"column":28},"end":{"line":95,"column":null}},"62":{"start":{"line":96,"column":8},"end":{"line":96,"column":null}},"63":{"start":{"line":97,"column":8},"end":{"line":97,"column":null}},"64":{"start":{"line":99,"column":8},"end":{"line":99,"column":null}},"65":{"start":{"line":100,"column":8},"end":{"line":100,"column":null}},"66":{"start":{"line":105,"column":26},"end":{"line":124,"column":null}},"67":{"start":{"line":106,"column":4},"end":{"line":106,"column":null}},"68":{"start":{"line":106,"column":46},"end":{"line":106,"column":null}},"69":{"start":{"line":107,"column":16},"end":{"line":107,"column":null}},"70":{"start":{"line":108,"column":14},"end":{"line":108,"column":null}},"71":{"start":{"line":109,"column":19},"end":{"line":109,"column":null}},"72":{"start":{"line":110,"column":17},"end":{"line":110,"column":null}},"73":{"start":{"line":112,"column":4},"end":{"line":112,"column":null}},"74":{"start":{"line":114,"column":4},"end":{"line":120,"column":null}},"75":{"start":{"line":115,"column":8},"end":{"line":119,"column":null}},"76":{"start":{"line":116,"column":12},"end":{"line":116,"column":null}},"77":{"start":{"line":117,"column":12},"end":{"line":117,"column":null}},"78":{"start":{"line":118,"column":12},"end":{"line":118,"column":null}},"79":{"start":{"line":122,"column":4},"end":{"line":122,"column":null}},"80":{"start":{"line":123,"column":4},"end":{"line":123,"column":null}},"81":{"start":{"line":127,"column":30},"end":{"line":205,"column":null}},"82":{"start":{"line":128,"column":16},"end":{"line":128,"column":null}},"83":{"start":{"line":129,"column":14},"end":{"line":129,"column":null}},"84":{"start":{"line":132,"column":19},"end":{"line":132,"column":null}},"85":{"start":{"line":133,"column":4},"end":{"line":138,"column":null}},"86":{"start":{"line":134,"column":8},"end":{"line":134,"column":null}},"87":{"start":{"line":136,"column":8},"end":{"line":136,"column":null}},"88":{"start":{"line":137,"column":8},"end":{"line":137,"column":null}},"89":{"start":{"line":141,"column":19},"end":{"line":141,"column":null}},"90":{"start":{"line":142,"column":4},"end":{"line":142,"column":null}},"91":{"start":{"line":143,"column":4},"end":{"line":143,"column":null}},"92":{"start":{"line":146,"column":17},"end":{"line":146,"column":null}},"93":{"start":{"line":147,"column":4},"end":{"line":147,"column":null}},"94":{"start":{"line":148,"column":4},"end":{"line":148,"column":null}},"95":{"start":{"line":150,"column":4},"end":{"line":150,"column":null}},"96":{"start":{"line":151,"column":4},"end":{"line":151,"column":null}},"97":{"start":{"line":152,"column":4},"end":{"line":152,"column":null}},"98":{"start":{"line":154,"column":4},"end":{"line":154,"column":null}},"99":{"start":{"line":155,"column":4},"end":{"line":155,"column":null}},"100":{"start":{"line":156,"column":4},"end":{"line":156,"column":null}},"101":{"start":{"line":159,"column":27},"end":{"line":159,"column":null}},"102":{"start":{"line":160,"column":23},"end":{"line":160,"column":null}},"103":{"start":{"line":161,"column":21},"end":{"line":161,"column":null}},"104":{"start":{"line":162,"column":4},"end":{"line":164,"column":null}},"105":{"start":{"line":162,"column":17},"end":{"line":162,"column":20}},"106":{"start":{"line":163,"column":8},"end":{"line":163,"column":null}},"107":{"start":{"line":166,"column":22},"end":{"line":166,"column":null}},"108":{"start":{"line":167,"column":4},"end":{"line":167,"column":null}},"109":{"start":{"line":168,"column":4},"end":{"line":168,"column":null}},"110":{"start":{"line":170,"column":23},"end":{"line":170,"column":null}},"111":{"start":{"line":171,"column":4},"end":{"line":171,"column":null}},"112":{"start":{"line":172,"column":4},"end":{"line":172,"column":null}},"113":{"start":{"line":174,"column":21},"end":{"line":174,"column":null}},"114":{"start":{"line":175,"column":4},"end":{"line":175,"column":null}},"115":{"start":{"line":176,"column":4},"end":{"line":176,"column":null}},"116":{"start":{"line":179,"column":35},"end":{"line":179,"column":null}},"117":{"start":{"line":180,"column":4},"end":{"line":189,"column":null}},"118":{"start":{"line":180,"column":17},"end":{"line":180,"column":20}},"119":{"start":{"line":181,"column":20},"end":{"line":181,"column":null}},"120":{"start":{"line":182,"column":8},"end":{"line":182,"column":null}},"121":{"start":{"line":183,"column":24},"end":{"line":183,"column":null}},"122":{"start":{"line":184,"column":8},"end":{"line":184,"column":null}},"123":{"start":{"line":185,"column":8},"end":{"line":185,"column":null}},"124":{"start":{"line":186,"column":8},"end":{"line":186,"column":null}},"125":{"start":{"line":187,"column":8},"end":{"line":187,"column":null}},"126":{"start":{"line":188,"column":8},"end":{"line":188,"column":null}},"127":{"start":{"line":191,"column":4},"end":{"line":191,"column":null}},"128":{"start":{"line":192,"column":4},"end":{"line":192,"column":null}},"129":{"start":{"line":193,"column":4},"end":{"line":193,"column":null}},"130":{"start":{"line":194,"column":4},"end":{"line":194,"column":null}},"131":{"start":{"line":197,"column":4},"end":{"line":204,"column":null}},"132":{"start":{"line":210,"column":30},"end":{"line":223,"column":null}},"133":{"start":{"line":211,"column":23},"end":{"line":211,"column":null}},"134":{"start":{"line":212,"column":19},"end":{"line":212,"column":null}},"135":{"start":{"line":213,"column":17},"end":{"line":213,"column":null}},"136":{"start":{"line":214,"column":13},"end":{"line":214,"column":16}},"137":{"start":{"line":214,"column":21},"end":{"line":214,"column":24}},"138":{"start":{"line":214,"column":29},"end":{"line":214,"column":null}},"139":{"start":{"line":215,"column":4},"end":{"line":221,"column":null}},"140":{"start":{"line":215,"column":17},"end":{"line":215,"column":20}},"141":{"start":{"line":216,"column":22},"end":{"line":216,"column":null}},"142":{"start":{"line":217,"column":8},"end":{"line":217,"column":null}},"143":{"start":{"line":218,"column":8},"end":{"line":218,"column":null}},"144":{"start":{"line":219,"column":8},"end":{"line":219,"column":null}},"145":{"start":{"line":220,"column":8},"end":{"line":220,"column":null}},"146":{"start":{"line":222,"column":4},"end":{"line":222,"column":null}},"147":{"start":{"line":226,"column":28},"end":{"line":244,"column":null}},"148":{"start":{"line":227,"column":4},"end":{"line":227,"column":null}},"149":{"start":{"line":227,"column":28},"end":{"line":227,"column":null}},"150":{"start":{"line":228,"column":16},"end":{"line":228,"column":null}},"151":{"start":{"line":229,"column":14},"end":{"line":229,"column":null}},"152":{"start":{"line":230,"column":18},"end":{"line":230,"column":null}},"153":{"start":{"line":232,"column":4},"end":{"line":232,"column":null}},"154":{"start":{"line":234,"column":4},"end":{"line":243,"column":null}},"155":{"start":{"line":235,"column":8},"end":{"line":242,"column":null}},"156":{"start":{"line":236,"column":12},"end":{"line":236,"column":null}},"157":{"start":{"line":236,"column":45},"end":{"line":236,"column":93}},"158":{"start":{"line":236,"column":51},"end":{"line":236,"column":61}},"159":{"start":{"line":236,"column":61},"end":{"line":236,"column":77}},"160":{"start":{"line":237,"column":12},"end":{"line":237,"column":null}},"161":{"start":{"line":237,"column":40},"end":{"line":237,"column":88}},"162":{"start":{"line":237,"column":46},"end":{"line":237,"column":56}},"163":{"start":{"line":237,"column":56},"end":{"line":237,"column":72}},"164":{"start":{"line":238,"column":12},"end":{"line":238,"column":null}},"165":{"start":{"line":238,"column":38},"end":{"line":238,"column":86}},"166":{"start":{"line":238,"column":44},"end":{"line":238,"column":54}},"167":{"start":{"line":238,"column":54},"end":{"line":238,"column":70}},"168":{"start":{"line":239,"column":12},"end":{"line":239,"column":null}},"169":{"start":{"line":239,"column":39},"end":{"line":239,"column":77}},"170":{"start":{"line":239,"column":45},"end":{"line":239,"column":61}},"171":{"start":{"line":240,"column":12},"end":{"line":240,"column":null}},"172":{"start":{"line":240,"column":41},"end":{"line":240,"column":79}},"173":{"start":{"line":240,"column":47},"end":{"line":240,"column":63}},"174":{"start":{"line":241,"column":12},"end":{"line":241,"column":null}},"175":{"start":{"line":249,"column":28},"end":{"line":333,"column":null}},"176":{"start":{"line":250,"column":16},"end":{"line":250,"column":null}},"177":{"start":{"line":251,"column":14},"end":{"line":251,"column":null}},"178":{"start":{"line":252,"column":23},"end":{"line":252,"column":null}},"179":{"start":{"line":253,"column":4},"end":{"line":253,"column":null}},"180":{"start":{"line":254,"column":4},"end":{"line":254,"column":null}},"181":{"start":{"line":255,"column":4},"end":{"line":255,"column":null}},"182":{"start":{"line":257,"column":42},"end":{"line":257,"column":null}},"183":{"start":{"line":258,"column":30},"end":{"line":258,"column":null}},"184":{"start":{"line":259,"column":40},"end":{"line":259,"column":null}},"185":{"start":{"line":260,"column":44},"end":{"line":260,"column":null}},"186":{"start":{"line":261,"column":35},"end":{"line":261,"column":null}},"187":{"start":{"line":264,"column":21},"end":{"line":264,"column":null}},"188":{"start":{"line":265,"column":4},"end":{"line":265,"column":null}},"189":{"start":{"line":266,"column":4},"end":{"line":266,"column":null}},"190":{"start":{"line":268,"column":22},"end":{"line":268,"column":null}},"191":{"start":{"line":269,"column":4},"end":{"line":269,"column":null}},"192":{"start":{"line":272,"column":21},"end":{"line":272,"column":null}},"193":{"start":{"line":273,"column":4},"end":{"line":273,"column":null}},"194":{"start":{"line":274,"column":4},"end":{"line":274,"column":null}},"195":{"start":{"line":275,"column":20},"end":{"line":275,"column":null}},"196":{"start":{"line":276,"column":4},"end":{"line":276,"column":null}},"197":{"start":{"line":277,"column":4},"end":{"line":277,"column":null}},"198":{"start":{"line":278,"column":4},"end":{"line":278,"column":null}},"199":{"start":{"line":280,"column":4},"end":{"line":280,"column":null}},"200":{"start":{"line":281,"column":4},"end":{"line":281,"column":null}},"201":{"start":{"line":282,"column":4},"end":{"line":282,"column":null}},"202":{"start":{"line":283,"column":4},"end":{"line":283,"column":null}},"203":{"start":{"line":285,"column":4},"end":{"line":285,"column":null}},"204":{"start":{"line":286,"column":4},"end":{"line":286,"column":null}},"205":{"start":{"line":287,"column":4},"end":{"line":287,"column":null}},"206":{"start":{"line":290,"column":20},"end":{"line":290,"column":null}},"207":{"start":{"line":291,"column":4},"end":{"line":291,"column":null}},"208":{"start":{"line":292,"column":4},"end":{"line":292,"column":null}},"209":{"start":{"line":294,"column":21},"end":{"line":294,"column":null}},"210":{"start":{"line":295,"column":4},"end":{"line":295,"column":null}},"211":{"start":{"line":298,"column":24},"end":{"line":298,"column":null}},"212":{"start":{"line":299,"column":4},"end":{"line":299,"column":null}},"213":{"start":{"line":300,"column":4},"end":{"line":300,"column":null}},"214":{"start":{"line":301,"column":4},"end":{"line":301,"column":null}},"215":{"start":{"line":303,"column":4},"end":{"line":303,"column":null}},"216":{"start":{"line":304,"column":4},"end":{"line":304,"column":null}},"217":{"start":{"line":305,"column":4},"end":{"line":305,"column":null}},"218":{"start":{"line":307,"column":4},"end":{"line":307,"column":null}},"219":{"start":{"line":308,"column":4},"end":{"line":308,"column":null}},"220":{"start":{"line":311,"column":24},"end":{"line":311,"column":null}},"221":{"start":{"line":312,"column":18},"end":{"line":312,"column":null}},"222":{"start":{"line":313,"column":4},"end":{"line":313,"column":null}},"223":{"start":{"line":314,"column":4},"end":{"line":314,"column":null}},"224":{"start":{"line":316,"column":24},"end":{"line":316,"column":null}},"225":{"start":{"line":317,"column":4},"end":{"line":317,"column":null}},"226":{"start":{"line":318,"column":4},"end":{"line":318,"column":null}},"227":{"start":{"line":320,"column":22},"end":{"line":320,"column":null}},"228":{"start":{"line":321,"column":4},"end":{"line":321,"column":null}},"229":{"start":{"line":323,"column":4},"end":{"line":323,"column":null}},"230":{"start":{"line":324,"column":4},"end":{"line":324,"column":null}},"231":{"start":{"line":325,"column":4},"end":{"line":325,"column":null}},"232":{"start":{"line":326,"column":4},"end":{"line":326,"column":null}},"233":{"start":{"line":328,"column":4},"end":{"line":328,"column":null}},"234":{"start":{"line":329,"column":4},"end":{"line":329,"column":null}},"235":{"start":{"line":330,"column":4},"end":{"line":330,"column":null}},"236":{"start":{"line":332,"column":4},"end":{"line":332,"column":null}},"237":{"start":{"line":336,"column":28},"end":{"line":391,"column":null}},"238":{"start":{"line":337,"column":16},"end":{"line":337,"column":null}},"239":{"start":{"line":338,"column":14},"end":{"line":338,"column":null}},"240":{"start":{"line":339,"column":23},"end":{"line":339,"column":null}},"241":{"start":{"line":340,"column":4},"end":{"line":340,"column":null}},"242":{"start":{"line":341,"column":4},"end":{"line":341,"column":null}},"243":{"start":{"line":342,"column":4},"end":{"line":342,"column":null}},"244":{"start":{"line":344,"column":42},"end":{"line":344,"column":null}},"245":{"start":{"line":345,"column":30},"end":{"line":345,"column":null}},"246":{"start":{"line":346,"column":40},"end":{"line":346,"column":null}},"247":{"start":{"line":347,"column":44},"end":{"line":347,"column":null}},"248":{"start":{"line":348,"column":35},"end":{"line":348,"column":null}},"249":{"start":{"line":351,"column":19},"end":{"line":351,"column":null}},"250":{"start":{"line":352,"column":4},"end":{"line":352,"column":null}},"251":{"start":{"line":353,"column":4},"end":{"line":353,"column":null}},"252":{"start":{"line":355,"column":20},"end":{"line":355,"column":null}},"253":{"start":{"line":356,"column":4},"end":{"line":356,"column":null}},"254":{"start":{"line":359,"column":19},"end":{"line":359,"column":null}},"255":{"start":{"line":360,"column":4},"end":{"line":360,"column":null}},"256":{"start":{"line":361,"column":23},"end":{"line":361,"column":null}},"257":{"start":{"line":362,"column":4},"end":{"line":362,"column":null}},"258":{"start":{"line":363,"column":4},"end":{"line":363,"column":null}},"259":{"start":{"line":364,"column":4},"end":{"line":364,"column":null}},"260":{"start":{"line":366,"column":4},"end":{"line":366,"column":null}},"261":{"start":{"line":367,"column":4},"end":{"line":367,"column":null}},"262":{"start":{"line":368,"column":4},"end":{"line":368,"column":null}},"263":{"start":{"line":369,"column":4},"end":{"line":369,"column":null}},"264":{"start":{"line":371,"column":4},"end":{"line":371,"column":null}},"265":{"start":{"line":372,"column":4},"end":{"line":372,"column":null}},"266":{"start":{"line":373,"column":4},"end":{"line":373,"column":null}},"267":{"start":{"line":376,"column":20},"end":{"line":376,"column":null}},"268":{"start":{"line":377,"column":4},"end":{"line":377,"column":null}},"269":{"start":{"line":378,"column":4},"end":{"line":378,"column":null}},"270":{"start":{"line":380,"column":21},"end":{"line":380,"column":null}},"271":{"start":{"line":381,"column":4},"end":{"line":381,"column":null}},"272":{"start":{"line":383,"column":4},"end":{"line":383,"column":null}},"273":{"start":{"line":384,"column":4},"end":{"line":384,"column":null}},"274":{"start":{"line":385,"column":4},"end":{"line":385,"column":null}},"275":{"start":{"line":387,"column":4},"end":{"line":387,"column":null}},"276":{"start":{"line":388,"column":4},"end":{"line":388,"column":null}},"277":{"start":{"line":390,"column":4},"end":{"line":390,"column":null}},"278":{"start":{"line":394,"column":24},"end":{"line":522,"column":null}},"279":{"start":{"line":395,"column":16},"end":{"line":395,"column":null}},"280":{"start":{"line":396,"column":14},"end":{"line":396,"column":null}},"281":{"start":{"line":397,"column":23},"end":{"line":397,"column":null}},"282":{"start":{"line":398,"column":4},"end":{"line":398,"column":null}},"283":{"start":{"line":399,"column":4},"end":{"line":399,"column":null}},"284":{"start":{"line":400,"column":4},"end":{"line":400,"column":null}},"285":{"start":{"line":402,"column":42},"end":{"line":402,"column":null}},"286":{"start":{"line":403,"column":30},"end":{"line":403,"column":null}},"287":{"start":{"line":404,"column":40},"end":{"line":404,"column":null}},"288":{"start":{"line":405,"column":44},"end":{"line":405,"column":null}},"289":{"start":{"line":406,"column":35},"end":{"line":406,"column":null}},"290":{"start":{"line":409,"column":19},"end":{"line":409,"column":null}},"291":{"start":{"line":410,"column":4},"end":{"line":410,"column":null}},"292":{"start":{"line":411,"column":4},"end":{"line":411,"column":null}},"293":{"start":{"line":413,"column":20},"end":{"line":413,"column":null}},"294":{"start":{"line":414,"column":4},"end":{"line":414,"column":null}},"295":{"start":{"line":417,"column":19},"end":{"line":417,"column":null}},"296":{"start":{"line":418,"column":4},"end":{"line":418,"column":null}},"297":{"start":{"line":419,"column":23},"end":{"line":419,"column":null}},"298":{"start":{"line":420,"column":4},"end":{"line":420,"column":null}},"299":{"start":{"line":421,"column":4},"end":{"line":421,"column":null}},"300":{"start":{"line":422,"column":4},"end":{"line":422,"column":null}},"301":{"start":{"line":424,"column":4},"end":{"line":424,"column":null}},"302":{"start":{"line":425,"column":4},"end":{"line":425,"column":null}},"303":{"start":{"line":426,"column":4},"end":{"line":426,"column":null}},"304":{"start":{"line":427,"column":4},"end":{"line":427,"column":null}},"305":{"start":{"line":429,"column":4},"end":{"line":429,"column":null}},"306":{"start":{"line":430,"column":4},"end":{"line":430,"column":null}},"307":{"start":{"line":431,"column":4},"end":{"line":431,"column":null}},"308":{"start":{"line":434,"column":23},"end":{"line":434,"column":null}},"309":{"start":{"line":435,"column":4},"end":{"line":435,"column":null}},"310":{"start":{"line":436,"column":4},"end":{"line":436,"column":null}},"311":{"start":{"line":438,"column":24},"end":{"line":438,"column":null}},"312":{"start":{"line":439,"column":4},"end":{"line":439,"column":null}},"313":{"start":{"line":442,"column":23},"end":{"line":442,"column":null}},"314":{"start":{"line":443,"column":4},"end":{"line":443,"column":null}},"315":{"start":{"line":444,"column":27},"end":{"line":444,"column":null}},"316":{"start":{"line":445,"column":4},"end":{"line":445,"column":null}},"317":{"start":{"line":446,"column":4},"end":{"line":446,"column":null}},"318":{"start":{"line":447,"column":4},"end":{"line":447,"column":null}},"319":{"start":{"line":449,"column":4},"end":{"line":449,"column":null}},"320":{"start":{"line":450,"column":4},"end":{"line":450,"column":null}},"321":{"start":{"line":451,"column":4},"end":{"line":451,"column":null}},"322":{"start":{"line":452,"column":4},"end":{"line":452,"column":null}},"323":{"start":{"line":454,"column":4},"end":{"line":454,"column":null}},"324":{"start":{"line":455,"column":4},"end":{"line":455,"column":null}},"325":{"start":{"line":456,"column":4},"end":{"line":456,"column":null}},"326":{"start":{"line":459,"column":21},"end":{"line":459,"column":null}},"327":{"start":{"line":460,"column":4},"end":{"line":460,"column":null}},"328":{"start":{"line":461,"column":4},"end":{"line":461,"column":null}},"329":{"start":{"line":463,"column":22},"end":{"line":463,"column":null}},"330":{"start":{"line":464,"column":4},"end":{"line":464,"column":null}},"331":{"start":{"line":466,"column":4},"end":{"line":466,"column":null}},"332":{"start":{"line":467,"column":4},"end":{"line":467,"column":null}},"333":{"start":{"line":468,"column":4},"end":{"line":468,"column":null}},"334":{"start":{"line":470,"column":4},"end":{"line":470,"column":null}},"335":{"start":{"line":471,"column":4},"end":{"line":471,"column":null}},"336":{"start":{"line":474,"column":24},"end":{"line":474,"column":null}},"337":{"start":{"line":475,"column":18},"end":{"line":475,"column":null}},"338":{"start":{"line":476,"column":4},"end":{"line":476,"column":null}},"339":{"start":{"line":477,"column":4},"end":{"line":477,"column":null}},"340":{"start":{"line":479,"column":23},"end":{"line":479,"column":null}},"341":{"start":{"line":480,"column":4},"end":{"line":480,"column":null}},"342":{"start":{"line":481,"column":4},"end":{"line":481,"column":null}},"343":{"start":{"line":482,"column":4},"end":{"line":482,"column":null}},"344":{"start":{"line":485,"column":20},"end":{"line":485,"column":null}},"345":{"start":{"line":486,"column":4},"end":{"line":486,"column":null}},"346":{"start":{"line":487,"column":24},"end":{"line":487,"column":null}},"347":{"start":{"line":488,"column":4},"end":{"line":488,"column":null}},"348":{"start":{"line":489,"column":4},"end":{"line":489,"column":null}},"349":{"start":{"line":490,"column":4},"end":{"line":490,"column":null}},"350":{"start":{"line":492,"column":22},"end":{"line":492,"column":null}},"351":{"start":{"line":493,"column":4},"end":{"line":493,"column":null}},"352":{"start":{"line":495,"column":4},"end":{"line":495,"column":null}},"353":{"start":{"line":496,"column":4},"end":{"line":496,"column":null}},"354":{"start":{"line":497,"column":4},"end":{"line":497,"column":null}},"355":{"start":{"line":498,"column":4},"end":{"line":498,"column":null}},"356":{"start":{"line":499,"column":4},"end":{"li
[...]
68:4:668:Infinity":479,"s:669:4:669:Infinity":480,"s:670:4:670:Infinity":481,"s:671:4:671:Infinity":482,"s:673:4:673:Infinity":483,"s:674:4:674:Infinity":484,"s:675:4:675:Infinity":485,"s:678:23:678:Infinity":486,"s:679:4:679:Infinity":487,"s:680:4:680:Infinity":488,"s:682:24:682:Infinity":489,"s:683:4:683:Infinity":490,"s:686:27:686:Infinity":491,"s:687:4:687:Infinity":492,"s:688:4:688:Infinity":493,"s:689:4:689:Infinity":494,"s:691:4:691:Infinity":495,"s:692:4:692:Infinity":496,"s:693:4:693:Infinity":497,"s:695:4:695:Infinity":498,"s:696:4:696:Infinity":499,"s:697:4:697:Infinity":500,"s:699:4:699:Infinity":501,"s:703:26:760:Infinity":502,"f:703:26:703:44":20,"s:704:16:704:Infinity":503,"s:705:14:705:Infinity":504,"s:706:23:706:Infinity":505,"s:707:4:707:Infinity":506,"s:708:4:708:Infinity":507,"s:709:4:709:Infinity":508,"s:711:42:711:Infinity":509,"s:712:30:712:Infinity":510,"s:713:40:713:Infinity":511,"s:714:44:714:Infinity":512,"s:715:35:715:Infinity":513,"s:718:23:718:Infinity":514,"s:721:22:721:Infinity":515,"s:722:4:722:Infinity":516,"s:723:4:723:Infinity":517,"s:724:4:724:Infinity":518,"s:726:4:746:Infinity":519,"f:726:23:726:24":21,"s:727:20:727:Infinity":520,"s:728:8:728:Infinity":521,"s:729:8:729:Infinity":522,"s:731:21:731:Infinity":523,"s:732:8:732:Infinity":524,"s:735:28:735:Infinity":525,"s:736:8:736:Infinity":526,"s:737:8:737:Infinity":527,"s:738:8:738:Infinity":528,"s:740:8:740:Infinity":529,"s:741:8:741:Infinity":530,"s:742:8:742:Infinity":531,"s:744:8:744:Infinity":532,"s:745:8:745:Infinity":533,"s:749:28:749:Infinity":534,"s:750:4:750:Infinity":535,"s:751:32:751:Infinity":536,"s:752:4:752:Infinity":537,"s:753:4:753:Infinity":538,"s:754:4:754:Infinity":539,"s:755:4:755:Infinity":540,"s:757:4:757:Infinity":541,"s:759:4:759:Infinity":542,"s:763:30:868:Infinity":543,"f:763:30:763:48":22,"s:764:16:764:Infinity":544,"s:765:14:765:Infinity":545,"s:766:23:766:Infinity":546,"s:767:4:767:Infinity":547,"s:768:4:768:Infinity":548,"s:769:4:769:Infinity":549,"s:771:42:771:Infinity":550,"s:772:30:772:Infinity":551,"s:773:40:773:Infinity":552,"s:774:44:774:Infinity":553,"s:775:35:775:Infinity":554,"s:778:20:778:Infinity":555,"s:779:4:779:Infinity":556,"s:780:4:780:Infinity":557,"s:782:21:782:Infinity":558,"s:783:4:783:Infinity":559,"s:786:20:786:Infinity":560,"s:787:4:787:Infinity":561,"s:788:24:788:Infinity":562,"s:789:4:789:Infinity":563,"s:790:4:790:Infinity":564,"s:791:4:791:Infinity":565,"s:793:4:793:Infinity":566,"s:794:4:794:Infinity":567,"s:795:4:795:Infinity":568,"s:796:4:796:Infinity":569,"s:798:4:798:Infinity":570,"s:799:4:799:Infinity":571,"s:800:4:800:Infinity":572,"s:803:22:803:Infinity":573,"s:804:4:804:Infinity":574,"s:805:4:805:Infinity":575,"s:807:23:807:Infinity":576,"s:808:4:808:Infinity":577,"s:810:4:810:Infinity":578,"s:811:4:811:Infinity":579,"s:812:4:812:Infinity":580,"s:814:4:814:Infinity":581,"s:815:4:815:Infinity":582,"s:818:22:818:Infinity":583,"s:819:4:819:Infinity":584,"s:820:4:820:Infinity":585,"s:822:23:822:Infinity":586,"s:823:4:823:Infinity":587,"s:826:23:826:Infinity":588,"s:827:4:827:Infinity":589,"s:828:27:828:Infinity":590,"s:829:4:829:Infinity":591,"s:830:4:830:Infinity":592,"s:831:4:831:Infinity":593,"s:833:4:833:Infinity":594,"s:834:4:834:Infinity":595,"s:835:4:835:Infinity":596,"s:836:4:836:Infinity":597,"s:838:4:838:Infinity":598,"s:839:4:839:Infinity":599,"s:840:4:840:Infinity":600,"s:843:22:843:Infinity":601,"s:844:4:844:Infinity":602,"s:845:4:845:Infinity":603,"s:847:23:847:Infinity":604,"s:848:4:848:Infinity":605,"s:851:22:851:Infinity":606,"s:852:4:852:Infinity":607,"s:853:26:853:Infinity":608,"s:854:4:854:Infinity":609,"s:855:4:855:Infinity":610,"s:856:4:856:Infinity":611,"s:858:4:858:Infinity":612,"s:859:4:859:Infinity":613,"s:860:4:860:Infinity":614,"s:861:4:861:Infinity":615,"s:863:4:863:Infinity":616,"s:864:4:864:Infinity":617,"s:865:4:865:Infinity":618,"s:867:4:867:Infinity":619,"s:871:24:915:Infinity":620,"f:871:24:871:42":23,"s:872:16:872:Infinity":621,"s:873:14:873:Infinity":622,"s:874:23:874:Infinity":623,"s:875:4:875:Infinity":624,"s:876:4:876:Infinity":625,"s:877:4:877:Infinity":626,"s:879:42:879:Infinity":627,"s:880:30:880:Infinity":628,"s:881:40:881:Infinity":629,"s:882:44:882:Infinity":630,"s:883:35:883:Infinity":631,"s:886:23:886:Infinity":632,"s:888:4:912:Infinity":633,"f:888:23:888:24":24,"s:889:20:889:Infinity":634,"s:890:8:890:Infinity":635,"s:891:8:891:Infinity":636,"s:893:21:893:Infinity":637,"s:894:8:894:Infinity":638,"s:897:26:897:Infinity":639,"s:898:8:898:Infinity":640,"s:899:30:899:Infinity":641,"s:900:8:900:Infinity":642,"s:901:8:901:Infinity":643,"s:902:8:902:Infinity":644,"s:904:8:904:Infinity":645,"s:905:8:905:Infinity":646,"s:906:8:906:Infinity":647,"s:907:8:907:Infinity":648,"s:909:8:909:Infinity":649,"s:910:8:910:Infinity":650,"s:911:8:911:Infinity":651,"s:914:4:914:Infinity":652,"s:918:23:991:Infinity":653,"f:918:23:918:41":25,"s:919:16:919:Infinity":654,"s:920:14:920:Infinity":655,"s:921:23:921:Infinity":656,"s:922:4:922:Infinity":657,"s:923:4:923:Infinity":658,"s:924:4:924:Infinity":659,"s:926:42:926:Infinity":660,"s:927:30:927:Infinity":661,"s:928:40:928:Infinity":662,"s:929:44:929:Infinity":663,"s:930:35:930:Infinity":664,"s:933:21:933:Infinity":665,"s:934:4:934:Infinity":666,"s:935:4:935:Infinity":667,"s:937:22:937:Infinity":668,"s:938:4:938:Infinity":669,"s:940:4:940:Infinity":670,"s:941:4:941:Infinity":671,"s:942:4:942:Infinity":672,"s:944:4:944:Infinity":673,"s:945:4:945:Infinity":674,"s:948:20:948:Infinity":675,"s:949:4:949:Infinity":676,"s:950:4:950:Infinity":677,"s:952:21:952:Infinity":678,"s:953:4:953:Infinity":679,"s:955:4:955:Infinity":680,"s:956:4:956:Infinity":681,"s:957:4:957:Infinity":682,"s:959:4:959:Infinity":683,"s:960:4:960:Infinity":684,"s:963:23:963:Infinity":685,"s:964:19:964:Infinity":686,"s:965:17:965:Infinity":687,"s:966:4:968:Infinity":688,"s:966:17:966:20":689,"s:967:8:967:Infinity":690,"s:970:22:970:Infinity":691,"s:971:4:971:Infinity":692,"s:972:4:972:Infinity":693,"s:974:23:974:Infinity":694,"s:975:4:975:Infinity":695,"s:976:4:976:Infinity":696,"s:978:21:978:Infinity":697,"s:979:4:979:Infinity":698,"s:981:4:981:Infinity":699,"s:982:4:982:Infinity":700,"s:983:4:983:Infinity":701,"s:984:4:984:Infinity":702,"s:986:4:986:Infinity":703,"s:987:4:987:Infinity":704,"s:988:4:988:Infinity":705,"s:990:4:990:Infinity":706,"s:995:36:1021:Infinity":707,"f:995:36:995:37":26,"b:997:4:997:Infinity:undefined:undefined:undefined:undefined":13,"s:997:4:997:Infinity":708,"b:997:8:997:39:997:39:997:56":14,"s:997:56:997:Infinity":709,"b:998:4:998:Infinity:undefined:undefined:undefined:undefined":15,"s:998:4:998:Infinity":710,"b:998:8:998:37:998:37:998:54":16,"s:998:54:998:Infinity":711,"s:1001:4:1001:Infinity":712,"s:1002:4:1002:Infinity":713,"s:1004:4:1020:Infinity":714,"f:1004:15:1004:21":27,"s:1005:8:1005:Infinity":715,"b:1007:12:1007:Infinity:1008:12:1008:Infinity:1009:12:1009:Infinity:1010:12:1010:Infinity:1011:12:1011:Infinity:1012:12:1012:Infinity:1013:12:1013:Infinity:1014:12:1014:Infinity:1015:12:1018:Infinity":17,"s:1006:8:1019:Infinity":716,"s:1007:29:1007:72":717,"s:1007:72:1007:Infinity":718,"s:1008:29:1008:72":719,"s:1008:72:1008:Infinity":720,"s:1009:25:1009:64":721,"s:1009:64:1009:Infinity":722,"s:1010:28:1010:70":723,"s:1010:70:1010:Infinity":724,"s:1011:25:1011:64":725,"s:1011:64:1011:Infinity":726,"s:1012:27:1012:68":727,"s:1012:68:1012:Infinity":728,"s:1013:31:1013:76":729,"s:1013:76:1013:Infinity":730,"s:1014:25:1014:64":731,"s:1014:64:1014:Infinity":732,"s:1017:16:1017:Infinity":733,"s:1018:16:1018:Infinity":734,"s:1023:35:1029:Infinity":735,"f:1023:35:1023:41":28,"s:1024:4:1024:Infinity":736,"s:1025:4:1025:Infinity":737,"s:1026:4:1026:Infinity":738,"s:1027:4:1027:Infinity":739,"s:1028:4:1028:Infinity":740,"s:1032:31:1037:Infinity":741,"f:1032:31:1032:32":29,"b:1032:51:1032:57":18,"s:1033:4:1033:Infinity":742,"s:1034:4:1034:Infinity":743,"s:1035:4:1035:Infinity":744,"s:1036:4:1036:Infinity":745,"s:1041:27:1054:Infinity":746,"f:1041:27:1041:33":30,"s:1042:16:1042:Infinity":747,"s:1043:14:1043:Infinity":748,"s:1044:16:1044:Infinity":749,"s:1045:17:1045:Infinity":750,"s:1046:4:1046:Infinity":751,"s:1047:4:1047:Infinity":752,"s:1048:4:1048:Infinity":753,"s:1049:4:1049:Infinity":754,"s:1050:4:1050:Infinity":755,"s:1051:4:1051:Infinity":756,"s:1052:4:1052:Infinity":757,"s:1053:4:1053:Infinity":758,"s:1056:24:1069:Infinity":759,"f:1056:24:1056:30":31,"s:1057:16:1057:Infinity":760,"s:1058:14:1058:Infinity":761,"s:1059:16:1059:Infinity":762,"s:1060:4:1060:Infinity":763,"s:1061:4:1061:Infinity":764,"s:1062:17:1062:Infinity":765,"s:1063:4:1063:Infinity":766,"s:1064:4:1064:Infinity":767,"s:1065:4:1065:Infinity":768,"s:1066:4:1066:Infinity":769,"s:1067:4:1067:Infinity":770,"s:1068:4:1068:Infinity":771,"s:1071:24:1084:Infinity":772,"f:1071:24:1071:30":32,"s:1072:16:1072:Infinity":773,"s:1073:14:1073:Infinity":774,"s:1074:16:1074:Infinity":775,"s:1075:4:1075:Infinity":776,"s:1076:4:1076:Infinity":777,"s:1077:17:1077:Infinity":778,"s:1078:4:1078:Infinity":779,"s:1079:4:1079:Infinity":780,"s:1080:4:1080:Infinity":781,"s:1081:4:1081:Infinity":782,"s:1082:4:1082:Infinity":783,"s:1083:4:1083:Infinity":784,"s:1086:29:1104:Infinity":785,"f:1086:29:1086:35":33,"s:1087:16:1087:Infinity":786,"s:1088:14:1088:Infinity":787,"s:1091:16:1091:Infinity":788,"s:1092:4:1092:Infinity":789,"s:1093:4:1093:Infinity":790,"s:1094:4:1094:Infinity":791,"s:1096:17:1096:Infinity":792,"s:1097:4:1097:Infinity":793,"s:1098:4:1098:Infinity":794,"s:1100:4:1100:Infinity":795,"s:1101:4:1101:Infinity":796,"s:1102:4:1102:Infinity":797,"s:1103:4:1103:Infinity":798,"s:1106:31:1124:Infinity":799,"f:1106:31:1106:37":34,"s:1107:16:1107:Infinity":800,"s:1108:14:1108:Infinity":801,"s:1111:16:1111:Infinity":802,"s:1112:4:1112:Infinity":803,"s:1113:4:1113:Infinity":804,"s:1114:4:1114:Infinity":805,"s:1116:17:1116:Infinity":806,"s:1117:4:1117:Infinity":807,"s:1118:4:1118:Infinity":808,"s:1120:4:1120:Infinity":809,"s:1121:4:1121:Infinity":810,"s:1122:4:1122:Infinity":811,"s:1123:4:1123:Infinity":812,"s:1126:27:1150:Infinity":813,"f:1126:27:1126:33":35,"s:1127:16:1127:Infinity":814,"s:1128:14:1128:Infinity":815,"s:1131:16:1131:Infinity":816,"s:1132:4:1132:Infinity":817,"s:1133:4:1133:Infinity":818,"s:1134:4:1134:Infinity":819,"s:1136:19:1136:Infinity":820,"s:1137:4:1137:Infinity":821,"s:1138:4:1138:Infinity":822,"s:1139:4:1139:Infinity":823,"s:1141:17:1141:Infinity":824,"s:1142:4:1142:Infinity":825,"s:1143:4:1143:Infinity":826,"s:1145:4:1145:Infinity":827,"s:1146:4:1146:Infinity":828,"s:1147:4:1147:Infinity":829,"s:1148:4:1148:Infinity":830,"s:1149:4:1149:Infinity":831,"s:1152:30:1176:Infinity":832,"f:1152:30:1152:36":36,"s:1153:16:1153:Infinity":833,"s:1154:14:1154:Infinity":834,"s:1157:16:1157:Infinity":835,"s:1158:4:1158:Infinity":836,"s:1159:4:1159:Infinity":837,"s:1160:4:1160:Infinity":838,"s:1162:19:1162:Infinity":839,"s:1163:4:1163:Infinity":840,"s:1164:4:1164:Infinity":841,"s:1165:4:1165:Infinity":842,"s:1167:17:1167:Infinity":843,"s:1168:4:1168:Infinity":844,"s:1169:4:1169:Infinity":845,"s:1171:4:1171:Infinity":846,"s:1172:4:1172:Infinity":847,"s:1173:4:1173:Infinity":848,"s:1174:4:1174:Infinity":849,"s:1175:4:1175:Infinity":850,"s:1178:30:1219:Infinity":851,"f:1178:30:1178:36":37,"s:1179:16:1179:Infinity":852,"s:1180:14:1180:Infinity":853,"s:1181:21:1181:Infinity":854,"s:1183:23:1183:Infinity":855,"s:1184:19:1184:Infinity":856,"s:1185:17:1185:Infinity":857,"s:1188:13:1188:16":858,"s:1188:21:1188:24":859,"s:1188:29:1188:32":860,"s:1188:37:1188:40":861,"s:1188:45:1188:48":862,"s:1188:53:1188:56":863,"s:1188:61:1188:Infinity":864,"s:1189:4:1200:Infinity":865,"s:1189:17:1189:20":866,"s:1190:22:1190:Infinity":867,"s:1191:8:1191:Infinity":868,"s:1192:8:1192:Infinity":869,"s:1193:8:1193:Infinity":870,"s:1194:8:1194:Infinity":871,"s:1195:8:1195:Infinity":872,"s:1196:8:1196:Infinity":873,"s:1197:8:1197:Infinity":874,"s:1198:8:1198:Infinity":875,"s:1199:8:1199:Infinity":876,"s:1202:18:1202:Infinity":877,"s:1203:4:1203:Infinity":878,"s:1205:19:1205:Infinity":879,"s:1206:4:1206:Infinity":880,"s:1207:4:1207:Infinity":881,"s:1208:4:1208:Infinity":882,"s:1210:17:1210:Infinity":883,"s:1211:4:1211:Infinity":884,"s:1212:4:1212:Infinity":885,"s:1213:4:1213:Infinity":886,"s:1215:4:1215:Infinity":887,"s:1216:4:1216:Infinity":888,"s:1217:4:1217:Infinity":889,"s:1218:4:1218:Infinity":890,"s:1221:33:1251:Infinity":891,"f:1221:33:1221:39":38,"s:1222:16:1222:Infinity":892,"s:1223:14:1223:Infinity":893,"s:1224:21:1224:Infinity":894,"s:1227:23:1227:Infinity":895,"s:1228:19:1228:Infinity":896,"s:1229:17:1229:Infinity":897,"s:1230:4:1232:Infinity":898,"s:1230:17:1230:20":899,"s:1231:8:1231:Infinity":900,"s:1234:18:1234:Infinity":901,"s:1235:4:1235:Infinity":902,"s:1237:19:1237:Infinity":903,"s:1238:4:1238:Infinity":904,"s:1239:4:1239:Infinity":905,"s:1240:4:1240:Infinity":906,"s:1242:17:1242:Infinity":907,"s:1243:4:1243:Infinity":908,"s:1244:4:1244:Infinity":909,"s:1245:4:1245:Infinity":910,"s:1247:4:1247:Infinity":911,"s:1248:4:1248:Infinity":912,"s:1249:4:1249:Infinity":913,"s:1250:4:1250:Infinity":914,"s:1253:28:1275:Infinity":915,"f:1253:28:1253:34":39,"s:1254:16:1254:Infinity":916,"s:1255:14:1255:Infinity":917,"s:1258:16:1258:Infinity":918,"s:1259:4:1259:Infinity":919,"s:1260:4:1260:Infinity":920,"s:1262:17:1262:Infinity":921,"s:1263:4:1263:Infinity":922,"s:1264:4:1264:Infinity":923,"s:1266:19:1266:Infinity":924,"s:1267:4:1267:Infinity":925,"s:1268:4:1268:Infinity":926,"s:1270:4:1270:Infinity":927,"s:1271:4:1271:Infinity":928,"s:1272:4:1272:Infinity":929,"s:1273:4:1273:Infinity":930,"s:1274:4:1274:Infinity":931,"s:1277:33:1303:Infinity":932,"f:1277:33:1277:39":40,"s:1278:16:1278:Infinity":933,"s:1279:14:1279:Infinity":934,"s:1282:16:1282:Infinity":935,"s:1283:4:1283:Infinity":936,"s:1284:4:1284:Infinity":937,"s:1285:4:1285:Infinity":938,"s:1287:17:1287:Infinity":939,"s:1288:4:1288:Infinity":940,"s:1289:4:1289:Infinity":941,"s:1290:4:1290:Infinity":942,"s:1292:17:1292:Infinity":943,"s:1293:4:1293:Infinity":944,"s:1294:4:1294:Infinity":945,"s:1296:4:1296:Infinity":946,"s:1297:4:1297:Infinity":947,"s:1298:4:1298:Infinity":948,"s:1299:4:1299:Infinity":949,"s:1300:4:1300:Infinity":950,"s:1301:4:1301:Infinity":951,"s:1302:4:1302:Infinity":952,"s:1305:29:1323:Infinity":953,"f:1305:29:1305:35":41,"s:1306:16:1306:Infinity":954,"s:1307:14:1307:Infinity":955,"s:1310:16:1310:Infinity":956,"s:1311:4:1311:Infinity":957,"s:1312:4:1312:Infinity":958,"s:1313:4:1313:Infinity":959,"s:1315:17:1315:Infinity":960,"s:1316:4:1316:Infinity":961,"s:1317:4:1317:Infinity":962,"s:1319:4:1319:Infinity":963,"s:1320:4:1320:Infinity":964,"s:1321:4:1321:Infinity":965,"s:1322:4:1322:Infinity":966,"s:1325:29:1352:Infinity":967,"f:1325:29:1325:35":42,"s:1326:16:1326:Infinity":968,"s:1327:14:1327:Infinity":969,"s:1330:16:1330:Infinity":970,"s:1331:4:1331:Infinity":971,"s:1332:4:1332:Infinity":972,"s:1333:4:1333:Infinity":973,"s:1335:17:1335:Infinity":974,"s:1336:4:1336:Infinity":975,"s:1337:4:1337:Infinity":976,"s:1338:4:1338:Infinity":977,"s:1340:16:1340:Infinity":978,"s:1341:4:1341:Infinity":979,"s:1342:20:1342:Infinity":980,"s:1343:4:1343:Infinity":981,"s:1344:4:1344:Infinity":982,"s:1345:4:1345:Infinity":983,"s:1346:4:1346:Infinity":984,"s:1348:4:1348:Infinity":985,"s:1349:4:1349:Infinity":986,"s:1350:4:1350:Infinity":987,"s:1351:4:1351:Infinity":988,"s:1354:29:1381:Infinity":989,"f:1354:29:1354:35":43,"s:1355:16:1355:Infinity":990,"s:1356:14:1356:Infinity":991,"s:1360:21:1360:Infinity":992,"s:1362:16:1362:Infinity":993,"s:1363:4:1363:Infinity":994,"s:1364:4:1364:Infinity":995,"s:1365:4:1365:Infinity":996,"s:1367:19:1367:Infinity":997,"s:1368:4:1368:Infinity":998,"s:1369:4:1369:Infinity":999,"s:1371:17:1371:Infinity":1000,"s:1372:4:1372:Infinity":1001,"s:1373:4:1373:Infinity":1002,"s:1375:4:1375:Infinity":1003,"s:1376:4:1376:Infinity":1004,"s:1377:4:1377:Infinity":1005,"s:1379:4:1379:Infinity":1006,"s:1380:4:1380:Infinity":1007,"s:1383:30:1410:Infinity":1008,"f:1383:30:1383:36":44,"s:1384:16:1384:Infinity":1009,"s:1385:14:1385:Infinity":1010,"s:1390:23:1390:Infinity":1011,"s:1391:19:1391:Infinity":1012,"s:1392:17:1392:Infinity":1013,"s:1393:4:1393:Infinity":1014,"s:1393:17:1393:20":1015,"s:1393:41:1393:Infinity":1016,"s:1395:18:1395:Infinity":1017,"s:1396:4:1396:Infinity":1018,"s:1398:19:1398:Infinity":1019,"s:1399:4:1399:Infinity":1020,"s:1400:4:1400:Infinity":1021,"s:1402:17:1402:Infinity":1022,"s:1403:4:1403:Infinity":1023,"s:1404:4:1404:Infinity":1024,"s:1406:4:1406:Infinity":1025,"s:1407:4:1407:Infinity":1026,"s:1408:4:1408:Infinity":1027,"s:1409:4:1409:Infinity":1028,"s:1412:31:1434:Infinity":1029,"f:1412:31:1412:37":45,"s:1413:16:1413:Infinity":1030,"s:1414:14:1414:Infinity":1031,"s:1417:18:1417:Infinity":1032,"s:1419:4:1433:Infinity":1033,"f:1419:18:1419:19":46,"s:1420:20:1420:Infinity":1034,"s:1421:8:1421:Infinity":1035,"s:1422:8:1422:Infinity":1036,"s:1424:21:1424:Infinity":1037,"s:1425:8:1425:Infinity":1038,"s:1426:8:1426:Infinity":1039,"s:1427:8:1427:Infinity":1040,"s:1429:8:1429:Infinity":1041,"s:1430:8:1430:Infinity":1042,"s:1431:8:1431:Infinity":1043,"s:1432:8:1432:Infinity":1044,"s:1437:27:1459:Infinity":1045,"f:1437:27:1437:28":47,"b:1437:53:1437:59":19,"s:1438:16:1438:Infinity":1046,"s:1439:14:1439:Infinity":1047,"s:1443:21:1443:Infinity":1048,"s:1446:16:1446:Infinity":1049,"s:1447:4:1447:Infinity":1050,"s:1448:4:1448:Infinity":1051,"s:1449:4:1449:Infinity":1052,"s:1451:17:1451:Infinity":1053,"s:1452:4:1452:Infinity":1054,"s:1453:4:1453:Infinity":1055,"s:1455:4:1455:Infinity":1056,"s:1456:4:1456:Infinity":1057,"s:1457:4:1457:Infinity":1058,"s:1458:4:1458:Infinity":1059,"s:1462:28:1559:Infinity":1060,"f:1462:28:1462:34":48,"s:1463:16:1463:Infinity":1061,"s:1464:14:1464:Infinity":1062,"s:1465:21:1465:Infinity":1063,"s:1468:21:1468:Infinity":1064,"s:1469:4:1469:Infinity":1065,"s:1470:4:1470:Infinity":1066,"s:1471:4:1471:Infinity":1067,"s:1473:22:1473:Infinity":1068,"s:1474:4:1474:Infinity":1069,"s:1475:4:1475:Infinity":1070,"s:1476:4:1476:Infinity":1071,"s:1477:4:1477:Infinity":1072,"s:1479:24:1479:Infinity":1073,"s:1480:4:1480:Infinity":1074,"s:1481:4:1481:Infinity":1075,"s:1483:4:1483:Infinity":1076,"s:1484:4:1484:Infinity":1077,"s:1485:4:1485:Infinity":1078,"s:1486:4:1486:Infinity":1079,"s:1487:4:1487:Infinity":1080,"s:1490:23:1490:Infinity":1081,"s:1491:19:1491:Infinity":1082,"s:1492:17:1492:Infinity":1083,"s:1495:13:1495:16":1084,"s:1495:21:1495:24":1085,"s:1495:29:1495:Infinity":1086,"s:1496:4:1502:Infinity":1087,"s:1496:17:1496:20":1088,"s:1497:22:1497:Infinity":1089,"s:1498:8:1498:Infinity":1090,"s:1499:8:1499:Infinity":1091,"s:1500:8:1500:Infinity":1092,"s:1501:8:1501:Infinity":1093,"s:1504:18:1504:Infinity":1094,"s:1505:4:1505:Infinity":1095,"s:1507:24:1507:Infinity":1096,"s:1508:4:1508:Infinity":1097,"s:1509:4:1509:Infinity":1098,"s:1510:4:1510:Infinity":1099,"s:1511:4:1511:Infinity":1100,"s:1513:22:1513:Infinity":1101,"s:1514:4:1514:Infinity":1102,"s:1515:4:1515:Infinity":1103,"s:1516:4:1516:Infinity":1104,"s:1517:4:1517:Infinity":1105,"s:1519:4:1519:Infinity":1106,"s:1520:4:1520:Infinity":1107,"s:1521:4:1521:Infinity":1108,"s:1522:4:1522:Infinity":1109,"s:1525:25:1525:Infinity":1110,"s:1526:4:1543:Infinity":1111,"f:1526:25:1526:26":49,"s:1527:20:1527:Infinity":1112,"s:1528:8:1528:Infinity":1113,"s:1529:8:1529:Infinity":1114,"s:1530:8:1530:Infinity":1115,"s:1532:21:1532:Infinity":1116,"s:1533:27:1533:Infinity":1117,"s:1534:8:1534:Infinity":1118,"s:1535:8:1535:Infinity":1119,"s:1536:8:1536:Infinity":1120,"s:1537:8:1537:Infinity":1121,"s:1539:8:1539:Infinity":1122,"s:1540:8:1540:Infinity":1123,"s:1541:8:1541:Infinity":1124,"s:1542:8:1542:Infinity":1125,"s:1546:20:1546:Infinity":1126,"s:1547:4:1547:Infinity":1127,"s:1548:4:1548:Infinity":1128,"s:1549:4:1549:Infinity":1129,"s:1551:21:1551:Infinity":1130,"s:1552:4:1552:Infinity":1131,"s:1553:4:1553:Infinity":1132,"s:1555:4:1555:Infinity":1133,"s:1556:4:1556:Infinity":1134,"s:1557:4:1557:Infinity":1135,"s:1558:4:1558:Infinity":1136}}}
}
